2025-07-24 04:02:11,694 [ERROR] LogOutputStream:75 - [STDERR_REDIRECT] 
2025-07-24 09:49:01,365 [INFO] Activator:176 - 


2025-07-24 09:49:01,365 [INFO] Activator:177 - !SESSION log4j initialized
2025-07-24 09:49:04,797 [INFO] LogOutputStream:77 - [STDOUT_REDIRECT] 
2025-07-24 09:49:07,777 [INFO] ApplicationProperties:184 - Using Application install path: C:\ST\STM32CubeIDE_1.18.0\STM32CubeIDE\plugins\com.st.stm32cube.common.mx_6.15.0.202507011659
2025-07-24 09:49:07,794 [INFO] DbMcusXml:78 - Set database path to: C:\ST\STM32CubeIDE_1.18.0\STM32CubeIDE\plugins\com.st.stm32cube.common.mx_6.15.0.202507011659\\db\/mcu/
2025-07-24 09:49:07,795 [INFO] ApiDb:274 - Set plugin database path to: C:\ST\STM32CubeIDE_1.18.0\STM32CubeIDE\plugins\com.st.stm32cube.common.mx_6.15.0.202507011659\\db\/plugins/boardmanager/
2025-07-24 09:49:07,795 [WARN] ApiDb:259 - Overriding images path with different value:  => C:\ST\STM32CubeIDE_1.18.0\STM32CubeIDE\plugins\com.st.stm32cube.common.mx_6.15.0.202507011659\\db\/plugins/mcufinder/images/
2025-07-24 09:49:07,805 [INFO] ApiDb:250 - Set database path to: C:\Users\Admin\.stmcufinder\plugins\mcufinder//mcu/
2025-07-24 09:49:07,806 [INFO] DbMcusAds:125 - Set database path to: C:\Users\Admin\.stmcufinder\plugins\mcufinder//mcu/
2025-07-24 09:49:07,809 [INFO] CrossReferenceDbSqlite:203 - Set database path to: C:\Users\Admin\.stmcufinder\plugins\mcufinder//mcu/cs/
2025-07-24 09:49:07,903 [INFO] RulesReader:64 - Compatibility file has been processed (317 Rules)
2025-07-24 09:49:07,982 [INFO] DbMcusXml:78 - Set database path to: C:\ST\STM32CubeIDE_1.18.0\STM32CubeIDE\plugins\com.st.stm32cube.common.mx_6.15.0.202507011659\\db\/mcu/
2025-07-24 09:49:07,982 [INFO] ApiDb:274 - Set plugin database path to: C:\ST\STM32CubeIDE_1.18.0\STM32CubeIDE\plugins\com.st.stm32cube.common.mx_6.15.0.202507011659\\db\/plugins/boardmanager/
2025-07-24 09:49:07,982 [INFO] ApiDb:261 - Set plugin images path to: C:\ST\STM32CubeIDE_1.18.0\STM32CubeIDE\plugins\com.st.stm32cube.common.mx_6.15.0.202507011659\\db\/plugins/mcufinder/images/
2025-07-24 09:49:07,983 [WARN] DbFile:41 - Overriding database path with different value: C:\Users\Admin\.stmcufinder\plugins\mcufinder/ => C:\Users\Admin\.stmcufinder\plugins\mcufinder
2025-07-24 09:49:07,983 [INFO] ApiDb:250 - Set database path to: C:\Users\Admin\.stmcufinder\plugins\mcufinder//mcu/
2025-07-24 09:49:07,983 [WARN] DbFile:41 - Overriding database path with different value: C:\Users\Admin\.stmcufinder\plugins\mcufinder/ => C:\Users\Admin\.stmcufinder\plugins\mcufinder
2025-07-24 09:49:07,983 [INFO] DbMcusAds:125 - Set database path to: C:\Users\Admin\.stmcufinder\plugins\mcufinder//mcu/
2025-07-24 09:49:07,983 [WARN] DbFile:41 - Overriding database path with different value: C:\Users\Admin\.stmcufinder\plugins\mcufinder/ => C:\Users\Admin\.stmcufinder\plugins\mcufinder
2025-07-24 09:49:07,983 [WARN] DbFile:41 - Overriding database path with different value: C:\Users\Admin\.stmcufinder\plugins\mcufinder/ => C:\Users\Admin\.stmcufinder\plugins\mcufinder
2025-07-24 09:49:07,983 [INFO] CrossReferenceDbSqlite:203 - Set database path to: C:\Users\Admin\.stmcufinder\plugins\mcufinder//mcu/cs/
2025-07-24 09:49:08,046 [INFO] MainPanel:274 - HeapMemory: 268435456
2025-07-24 09:49:08,139 [INFO] DbMcusXml:78 - Set database path to: C:\ST\STM32CubeIDE_1.18.0\STM32CubeIDE\plugins\com.st.stm32cube.common.mx_6.15.0.202507011659\\db\/mcu/
2025-07-24 09:49:08,139 [INFO] ApiDb:274 - Set plugin database path to: C:\ST\STM32CubeIDE_1.18.0\STM32CubeIDE\plugins\com.st.stm32cube.common.mx_6.15.0.202507011659\\db\/plugins/boardmanager/
2025-07-24 09:49:08,139 [INFO] ApiDb:261 - Set plugin images path to: C:\ST\STM32CubeIDE_1.18.0\STM32CubeIDE\plugins\com.st.stm32cube.common.mx_6.15.0.202507011659\\db\/plugins/mcufinder/images/
2025-07-24 09:49:08,139 [WARN] DbFile:41 - Overriding database path with different value: C:\Users\Admin\.stmcufinder\plugins\mcufinder/ => C:\Users\Admin\.stmcufinder\plugins\mcufinder
2025-07-24 09:49:08,139 [INFO] ApiDb:250 - Set database path to: C:\Users\Admin\.stmcufinder\plugins\mcufinder//mcu/
2025-07-24 09:49:08,140 [WARN] DbFile:41 - Overriding database path with different value: C:\Users\Admin\.stmcufinder\plugins\mcufinder/ => C:\Users\Admin\.stmcufinder\plugins\mcufinder
2025-07-24 09:49:08,140 [INFO] DbMcusAds:125 - Set database path to: C:\Users\Admin\.stmcufinder\plugins\mcufinder//mcu/
2025-07-24 09:49:08,140 [WARN] DbFile:41 - Overriding database path with different value: C:\Users\Admin\.stmcufinder\plugins\mcufinder/ => C:\Users\Admin\.stmcufinder\plugins\mcufinder
2025-07-24 09:49:08,140 [WARN] DbFile:41 - Overriding database path with different value: C:\Users\Admin\.stmcufinder\plugins\mcufinder/ => C:\Users\Admin\.stmcufinder\plugins\mcufinder
2025-07-24 09:49:08,140 [INFO] CrossReferenceDbSqlite:203 - Set database path to: C:\Users\Admin\.stmcufinder\plugins\mcufinder//mcu/cs/
2025-07-24 09:49:08,156 [INFO] ApplicationProperties:184 - Using Application install path: C:\ST\STM32CubeIDE_1.18.0\STM32CubeIDE\plugins\com.st.stm32cube.common.mx_6.15.0.202507011659
2025-07-24 09:49:08,156 [INFO] PluginManage:196 - Search for loadable plugins [exclusion list=, ]
2025-07-24 09:49:08,159 [INFO] PluginManage:310 - Check plugin analytics
2025-07-24 09:49:08,304 [INFO] AnalyticsPlugin:253 - Accepted Software Licenses: 
2025-07-24 09:49:08,304 [INFO] AnalyticsPlugin:255 - Accepted CMSIS Pack Licenses: 
2025-07-24 09:49:08,304 [INFO] AnalyticsPlugin:257 - Accepted Firmware Licenses: FW.F4.1.28.0
2025-07-24 09:49:08,308 [INFO] PluginManage:359 - Loaded plugin analytics (category:tool,tabindex:-1)
2025-07-24 09:49:08,309 [INFO] PluginManage:310 - Check plugin cadmodel
2025-07-24 09:49:08,325 [INFO] CADModel:105 - Init CAD model plugin
2025-07-24 09:49:08,325 [INFO] PluginManage:359 - Loaded plugin cadmodel (category:power,tabindex:5)
2025-07-24 09:49:08,325 [INFO] PluginManage:310 - Check plugin clock
2025-07-24 09:49:08,345 [INFO] PluginManage:359 - Loaded plugin clock (category:base,tabindex:2)
2025-07-24 09:49:08,345 [INFO] PluginManage:310 - Check plugin ddr
2025-07-24 09:49:08,347 [INFO] PluginManage:359 - Loaded plugin ddr (category:tool,tabindex:6)
2025-07-24 09:49:08,347 [INFO] PluginManage:310 - Check plugin filemanager
2025-07-24 09:49:08,463 [INFO] PluginManage:359 - Loaded plugin filemanager (category:base,tabindex:10)
2025-07-24 09:49:08,463 [INFO] PluginManage:310 - Check plugin ipmanager
2025-07-24 09:49:08,468 [INFO] PluginManage:359 - Loaded plugin ipmanager (category:base,tabindex:5)
2025-07-24 09:49:08,468 [INFO] PluginManage:310 - Check plugin lpbam
2025-07-24 09:49:08,484 [INFO] PluginManage:359 - Loaded plugin lpbam (category:base,tabindex:0)
2025-07-24 09:49:08,484 [INFO] PluginManage:310 - Check plugin memorymap
2025-07-24 09:49:08,506 [INFO] PluginManage:359 - Loaded plugin memorymap (category:base,tabindex:4)
2025-07-24 09:49:08,506 [INFO] PluginManage:310 - Check plugin pinoutandconfiguration
2025-07-24 09:49:08,523 [INFO] PluginManage:359 - Loaded plugin pinoutandconfiguration (category:base,tabindex:1)
2025-07-24 09:49:08,523 [INFO] PluginManage:310 - Check plugin pinoutconfig
2025-07-24 09:49:08,598 [WARN] SupportedApi:132 - Cannot load RTOS API schema: s4s-elt-must-match.1: The content of 'definitions' must match (annotation?, (simpleType | complexType)?, (unique | key | keyref)*)). A problem was found starting at: attribute.
2025-07-24 09:49:08,730 [INFO] PluginManage:359 - Loaded plugin pinoutconfig (category:base,tabindex:0)
2025-07-24 09:49:08,731 [INFO] PluginManage:310 - Check plugin power
2025-07-24 09:49:08,748 [INFO] PluginManage:359 - Loaded plugin power (category:power,tabindex:4)
2025-07-24 09:49:08,748 [INFO] PluginManage:310 - Check plugin projectmanager
2025-07-24 09:49:08,763 [INFO] PluginManage:359 - Loaded plugin projectmanager (category:projectmanager,tabindex:4)
2025-07-24 09:49:08,763 [INFO] PluginManage:310 - Check plugin rif
2025-07-24 09:49:08,788 [INFO] PluginManage:359 - Loaded plugin rif (category:base,tabindex:3)
2025-07-24 09:49:08,788 [INFO] PluginManage:310 - Check plugin thirdparty
2025-07-24 09:49:09,047 [INFO] PluginManage:359 - Loaded plugin thirdparty (category:base,tabindex:-1)
2025-07-24 09:49:09,047 [WARN] IntegrityCheckThread:84 - waiting for thirdparty lock release [integrity check]
2025-07-24 09:49:09,048 [INFO] IntegrityCheckThread:86 - entering critical section [integrity check]
2025-07-24 09:49:09,048 [INFO] PluginManage:310 - Check plugin tools
2025-07-24 09:49:09,048 [INFO] ThirdPartyUpdaterWithRetryManager:70 - Updater plugin not ready yet. [1/15]
2025-07-24 09:49:09,084 [INFO] PluginManage:359 - Loaded plugin tools (category:base,tabindex:7)
2025-07-24 09:49:09,084 [INFO] PluginManage:310 - Check plugin tutovideos
2025-07-24 09:49:09,272 [INFO] PluginManage:359 - Loaded plugin tutovideos (category:base,tabindex:-1)
2025-07-24 09:49:09,272 [INFO] PluginManage:310 - Check plugin updater
2025-07-24 09:49:09,289 [INFO] PluginManage:359 - Loaded plugin updater (category:base,tabindex:12)
2025-07-24 09:49:09,289 [INFO] PluginManage:310 - Check plugin userauth
2025-07-24 09:49:09,293 [INFO] UserAuth:118 - Init User Auth plugin
2025-07-24 09:49:09,294 [INFO] PluginManage:359 - Loaded plugin userauth (category:base,tabindex:14)
2025-07-24 09:49:09,294 [INFO] PluginManage:283 - PluginManage : Loaded plugins [18]
2025-07-24 09:49:09,468 [INFO] PinOutPanel:1589 - setPackage(No Configuration,No Configuration)
2025-07-24 09:49:09,541 [INFO] CADModel:165 - CPN selected for project level
2025-07-24 09:49:09,541 [INFO] CADModel:114 - Register for checkConnection events
2025-07-24 09:49:09,572 [INFO] IPUIPlugin:80 - create IPUIPlugin
2025-07-24 09:49:09,572 [INFO] PluginManager:220 - loadIPPluginJar : add adc
2025-07-24 09:49:09,608 [INFO] IPUIPlugin:80 - create IPUIPlugin
2025-07-24 09:49:09,609 [INFO] PluginManager:220 - loadIPPluginJar : add aes
2025-07-24 09:49:09,648 [INFO] IPUIPlugin:80 - create IPUIPlugin
2025-07-24 09:49:09,648 [INFO] PluginManager:220 - loadIPPluginJar : add can
2025-07-24 09:49:09,672 [INFO] IPUIPlugin:80 - create IPUIPlugin
2025-07-24 09:49:09,672 [INFO] PluginManager:220 - loadIPPluginJar : add comp
2025-07-24 09:49:09,700 [INFO] IPUIPlugin:80 - create IPUIPlugin
2025-07-24 09:49:09,700 [INFO] PluginManager:220 - loadIPPluginJar : add cryp
2025-07-24 09:49:09,709 [INFO] IPUIPlugin:80 - create IPUIPlugin
2025-07-24 09:49:09,709 [INFO] PluginManager:220 - loadIPPluginJar : add ddr_ctrl_phy
2025-07-24 09:49:09,732 [INFO] IPUIPlugin:80 - create IPUIPlugin
2025-07-24 09:49:09,732 [INFO] PluginManager:220 - loadIPPluginJar : add dfsdm
2025-07-24 09:49:09,743 [INFO] IPUIPlugin:80 - create IPUIPlugin
2025-07-24 09:49:09,743 [INFO] PluginManager:220 - loadIPPluginJar : add dma
2025-07-24 09:49:09,771 [INFO] IPUIPlugin:80 - create IPUIPlugin
2025-07-24 09:49:09,771 [INFO] PluginManager:220 - loadIPPluginJar : add dma3
2025-07-24 09:49:09,801 [INFO] IPUIPlugin:80 - create IPUIPlugin
2025-07-24 09:49:09,801 [INFO] PluginManager:220 - loadIPPluginJar : add extmemmanager
2025-07-24 09:49:09,818 [INFO] IPUIPlugin:80 - create IPUIPlugin
2025-07-24 09:49:09,819 [INFO] PluginManager:220 - loadIPPluginJar : add fatfs
2025-07-24 09:49:09,853 [INFO] IPUIPlugin:80 - create IPUIPlugin
2025-07-24 09:49:09,853 [INFO] PluginManager:220 - loadIPPluginJar : add fmc
2025-07-24 09:49:09,866 [INFO] IPUIPlugin:80 - create IPUIPlugin
2025-07-24 09:49:09,866 [INFO] PluginManager:220 - loadIPPluginJar : add freertos
2025-07-24 09:49:09,881 [INFO] IPUIPlugin:80 - create IPUIPlugin
2025-07-24 09:49:09,881 [INFO] PluginManager:220 - loadIPPluginJar : add genericplugin
2025-07-24 09:49:09,944 [INFO] IPUIPlugin:80 - create IPUIPlugin
2025-07-24 09:49:09,944 [INFO] PluginManager:220 - loadIPPluginJar : add gfxmmu
2025-07-24 09:49:10,037 [INFO] IPUIPlugin:80 - create IPUIPlugin
2025-07-24 09:49:10,037 [INFO] PluginManager:220 - loadIPPluginJar : add gic
2025-07-24 09:49:10,048 [INFO] IPUIPlugin:80 - create IPUIPlugin
2025-07-24 09:49:10,048 [INFO] PluginManager:220 - loadIPPluginJar : add gpio
2025-07-24 09:49:10,114 [INFO] IPUIPlugin:80 - create IPUIPlugin
2025-07-24 09:49:10,114 [INFO] PluginManager:220 - loadIPPluginJar : add gtzc
2025-07-24 09:49:10,138 [INFO] IPUIPlugin:80 - create IPUIPlugin
2025-07-24 09:49:10,139 [INFO] PluginManager:220 - loadIPPluginJar : add hash
2025-07-24 09:49:10,177 [INFO] IPUIPlugin:80 - create IPUIPlugin
2025-07-24 09:49:10,177 [INFO] PluginManager:220 - loadIPPluginJar : add i2c
2025-07-24 09:49:10,207 [INFO] IPUIPlugin:80 - create IPUIPlugin
2025-07-24 09:49:10,208 [INFO] PluginManager:220 - loadIPPluginJar : add i2s
2025-07-24 09:49:10,240 [INFO] IPUIPlugin:80 - create IPUIPlugin
2025-07-24 09:49:10,241 [INFO] PluginManager:220 - loadIPPluginJar : add i3c
2025-07-24 09:49:10,311 [INFO] IPUIPlugin:80 - create IPUIPlugin
2025-07-24 09:49:10,312 [INFO] PluginManager:220 - loadIPPluginJar : add ipddr
2025-07-24 09:49:10,384 [INFO] IPUIPlugin:80 - create IPUIPlugin
2025-07-24 09:49:10,385 [INFO] PluginManager:220 - loadIPPluginJar : add linkedlist
2025-07-24 09:49:10,413 [INFO] IPUIPlugin:80 - create IPUIPlugin
2025-07-24 09:49:10,413 [INFO] PluginManager:220 - loadIPPluginJar : add lorawan
2025-07-24 09:49:10,441 [INFO] IPUIPlugin:80 - create IPUIPlugin
2025-07-24 09:49:10,441 [INFO] PluginManager:220 - loadIPPluginJar : add ltdc
2025-07-24 09:49:10,453 [INFO] IPUIPlugin:80 - create IPUIPlugin
2025-07-24 09:49:10,453 [INFO] PluginManager:220 - loadIPPluginJar : add mdma
2025-07-24 09:49:10,465 [INFO] IPUIPlugin:80 - create IPUIPlugin
2025-07-24 09:49:10,465 [INFO] PluginManager:220 - loadIPPluginJar : add nvic
2025-07-24 09:49:10,497 [INFO] IPUIPlugin:80 - create IPUIPlugin
2025-07-24 09:49:10,497 [INFO] PluginManager:220 - loadIPPluginJar : add opamp
2025-07-24 09:49:10,546 [INFO] IPUIPlugin:80 - create IPUIPlugin
2025-07-24 09:49:10,546 [INFO] PluginManager:220 - loadIPPluginJar : add openamp
2025-07-24 09:49:10,579 [INFO] IPUIPlugin:80 - create IPUIPlugin
2025-07-24 09:49:10,579 [INFO] PluginManager:220 - loadIPPluginJar : add pdm2pcm
2025-07-24 09:49:10,592 [INFO] IPUIPlugin:80 - create IPUIPlugin
2025-07-24 09:49:10,593 [INFO] PluginManager:220 - loadIPPluginJar : add plateformsettings
2025-07-24 09:49:10,615 [INFO] IPUIPlugin:80 - create IPUIPlugin
2025-07-24 09:49:10,615 [INFO] PluginManager:220 - loadIPPluginJar : add quadspi
2025-07-24 09:49:10,635 [INFO] IPUIPlugin:80 - create IPUIPlugin
2025-07-24 09:49:10,636 [INFO] PluginManager:220 - loadIPPluginJar : add radio
2025-07-24 09:49:10,646 [INFO] IPUIPlugin:80 - create IPUIPlugin
2025-07-24 09:49:10,647 [INFO] PluginManager:220 - loadIPPluginJar : add resmgrutility
2025-07-24 09:49:10,681 [INFO] IPUIPlugin:80 - create IPUIPlugin
2025-07-24 09:49:10,681 [INFO] PluginManager:220 - loadIPPluginJar : add sai
2025-07-24 09:49:10,709 [INFO] IPUIPlugin:80 - create IPUIPlugin
2025-07-24 09:49:10,709 [INFO] PluginManager:220 - loadIPPluginJar : add spi
2025-07-24 09:49:10,762 [INFO] IPUIPlugin:80 - create IPUIPlugin
2025-07-24 09:49:10,762 [INFO] PluginManager:220 - loadIPPluginJar : add stm32_wpan
2025-07-24 09:49:10,780 [INFO] IPUIPlugin:80 - create IPUIPlugin
2025-07-24 09:49:10,780 [INFO] PluginManager:220 - loadIPPluginJar : add tim
2025-07-24 09:49:10,821 [INFO] IPUIPlugin:80 - create IPUIPlugin
2025-07-24 09:49:10,821 [INFO] PluginManager:220 - loadIPPluginJar : add touchsensing
2025-07-24 09:49:10,841 [INFO] IPUIPlugin:80 - create IPUIPlugin
2025-07-24 09:49:10,841 [INFO] PluginManager:220 - loadIPPluginJar : add tracer_emb
2025-07-24 09:49:10,859 [INFO] IPUIPlugin:80 - create IPUIPlugin
2025-07-24 09:49:10,860 [INFO] PluginManager:220 - loadIPPluginJar : add ts
2025-07-24 09:49:10,878 [INFO] IPUIPlugin:80 - create IPUIPlugin
2025-07-24 09:49:10,878 [INFO] PluginManager:220 - loadIPPluginJar : add tsc
2025-07-24 09:49:10,895 [INFO] IPUIPlugin:80 - create IPUIPlugin
2025-07-24 09:49:10,895 [INFO] PluginManager:220 - loadIPPluginJar : add ucpd
2025-07-24 09:49:10,928 [INFO] IPUIPlugin:80 - create IPUIPlugin
2025-07-24 09:49:10,928 [INFO] PluginManager:220 - loadIPPluginJar : add usart
2025-07-24 09:49:10,960 [INFO] IPUIPlugin:80 - create IPUIPlugin
2025-07-24 09:49:10,960 [INFO] PluginManager:220 - loadIPPluginJar : add usbx
2025-07-24 09:49:11,074 [FATAL] Updater:351 - Updater called before beeing initialized
2025-07-24 09:49:11,097 [INFO] RulesReader:64 - Compatibility file has been processed (317 Rules)
2025-07-24 09:49:11,108 [INFO] RulesReader:64 - Compatibility file has been processed (317 Rules)
2025-07-24 09:49:11,130 [INFO] CADModel:165 - CPN selected for project level
2025-07-24 09:49:11,130 [INFO] CADModel:114 - Register for checkConnection events
2025-07-24 09:49:11,130 [FATAL] Updater:351 - Updater called before beeing initialized
2025-07-24 09:49:11,130 [ERROR] CADModel:125 - Updater not yet initialized, retry later 
2025-07-24 09:49:11,255 [FATAL] Updater:351 - Updater called before beeing initialized
2025-07-24 09:49:11,257 [INFO] CADModel:165 - CPN selected for project level
2025-07-24 09:49:11,257 [INFO] CADModel:114 - Register for checkConnection events
2025-07-24 09:49:11,257 [FATAL] Updater:351 - Updater called before beeing initialized
2025-07-24 09:49:11,257 [ERROR] CADModel:125 - Updater not yet initialized, retry later 
2025-07-24 09:49:11,261 [FATAL] Updater:351 - Updater called before beeing initialized
2025-07-24 09:49:11,344 [FATAL] Updater:351 - Updater called before beeing initialized
2025-07-24 09:49:11,353 [INFO] DbMcusAds:53 - JSON generation date=Tue Jul 08 15:14:23 ICT 2025 (1751962463562)
2025-07-24 09:49:11,354 [FATAL] Updater:351 - Updater called before beeing initialized
2025-07-24 09:49:11,382 [WARN] DetailPanel:346 - Failed to get advertising image, set to default
2025-07-24 09:49:11,440 [FATAL] Updater:351 - Updater called before beeing initialized
2025-07-24 09:49:11,441 [FATAL] Updater:351 - Updater called before beeing initialized
2025-07-24 09:49:11,443 [FATAL] Updater:351 - Updater called before beeing initialized
2025-07-24 09:49:11,443 [WARN] DetailPanel:346 - Failed to get advertising image, set to default
2025-07-24 09:49:11,444 [FATAL] Updater:351 - Updater called before beeing initialized
2025-07-24 09:49:11,494 [ERROR] Updater:1198 - MainUpdater not yet initialized. External WinMGr cannot be set.
2025-07-24 09:49:11,501 [INFO] Updater:1134 - Updater Version found : 6.15.0
2025-07-24 09:49:11,516 [INFO] ApplicationProperties:184 - Using Application install path: C:\ST\STM32CubeIDE_1.18.0\STM32CubeIDE\plugins\com.st.stm32cube.common.mx_6.15.0.202507011659
2025-07-24 09:49:11,783 [INFO] MainUpdater:2872 - connection check result : 22
2025-07-24 09:49:11,784 [INFO] MainUpdater:289 - Updater Check For Update Now.
2025-07-24 09:49:11,784 [INFO] MicroXplorer:498 - Change Database Version : DB.6.0.150
2025-07-24 09:49:11,805 [INFO] McuFinderGlobals:63 - Set McuFinder mode to 2 (CubeIDE integrated)
2025-07-24 09:49:11,811 [INFO] UserAuth:487 - Internet connection configuration mode: 2
2025-07-24 09:49:11,826 [INFO] UserAuth:487 - Internet connection configuration mode: 2
2025-07-24 09:49:11,973 [INFO] CheckServerUpdateThread:120 - End of CheckServer Thread
2025-07-24 09:49:12,226 [WARN] PackLoader:240 - Cannot read IP mode file for STMicroelectronics.FP-SNS-MOTENVWB1.1.4.0
2025-07-24 09:49:12,244 [WARN] PackLoader:240 - Cannot read IP mode file for STMicroelectronics.X-CUBE-SMBUS.2.1.0
2025-07-24 09:49:12,260 [WARN] PackLoader:240 - Cannot read IP mode file for STMicroelectronics.X-CUBE-WB05N.1.1.0
2025-07-24 09:49:12,273 [WARN] PackLoader:240 - Cannot read IP mode file for STMicroelectronics.X-CUBE-ST60.1.0.0
2025-07-24 09:49:12,303 [WARN] PackLoader:240 - Cannot read IP mode file for STMicroelectronics.X-CUBE-AZRTOS-F7.1.1.0
2025-07-24 09:49:12,333 [WARN] PackLoader:240 - Cannot read IP mode file for STMicroelectronics.X-CUBE-AZRTOS-H7.3.4.0
2025-07-24 09:49:12,347 [WARN] PackLoader:240 - Cannot read IP mode file for STMicroelectronics.X-CUBE-DISPLAY.3.0.0
2025-07-24 09:49:12,360 [WARN] PackLoader:240 - Cannot read IP mode file for STMicroelectronics.X-CUBE-NFC10.1.0.0
2025-07-24 09:49:12,375 [WARN] PackLoader:240 - Cannot read IP mode file for STMicroelectronics.X-CUBE-BLEMGR.4.0.0
2025-07-24 09:49:12,387 [WARN] ConditionMgr:438 - getConditionDescription Invalid condition id : Cortex-A Device cause : null
2025-07-24 09:49:12,405 [WARN] ConditionMgr:1044 - genDependencies : Invalid condition id : Cortex-A Device cause : null
2025-07-24 09:49:12,406 [WARN] ConditionMgr:1044 - genDependencies : Invalid condition id : Cortex-A Device cause : null
2025-07-24 09:49:12,406 [WARN] ConditionMgr:1044 - genDependencies : Invalid condition id : Cortex-A Device cause : null
2025-07-24 09:49:12,417 [WARN] PackLoader:240 - Cannot read IP mode file for STMicroelectronics.X-CUBE-AI.10.0.0
2025-07-24 09:49:12,428 [WARN] PackLoader:240 - Cannot read IP mode file for STMicroelectronics.FP-SNS-SMARTAG2.1.2.0
2025-07-24 09:49:12,468 [WARN] PackLoader:240 - Cannot read IP mode file for STMicroelectronics.X-CUBE-MEMS1.11.1.0
2025-07-24 09:49:12,539 [INFO] LogOutputStream:77 - [STDOUT_REDIRECT] 1 : Invalid condition id : UX_CORESTACK_Condition cause : null
2025-07-24 09:49:12,539 [INFO] LogOutputStream:77 - [STDOUT_REDIRECT] 1 : Invalid condition id : UX_CORESTACK_Condition cause : null
2025-07-24 09:49:12,540 [INFO] LogOutputStream:77 - [STDOUT_REDIRECT] 1 : Invalid condition id : UX_CORESTACK_Condition cause : null
2025-07-24 09:49:12,541 [INFO] LogOutputStream:77 - [STDOUT_REDIRECT] 1 : Invalid condition id : UX_CORESTACK_Condition cause : null
2025-07-24 09:49:12,542 [INFO] LogOutputStream:77 - [STDOUT_REDIRECT] 1 : Invalid condition id : UX_CORESTACK_Condition cause : null
2025-07-24 09:49:12,543 [WARN] PackLoader:240 - Cannot read IP mode file for STMicroelectronics.X-CUBE-AZRTOS-WL.2.0.0
2025-07-24 09:49:12,555 [WARN] PackLoader:240 - Cannot read IP mode file for STMicroelectronics.FP-SNS-MOTENV1.5.0.0
2025-07-24 09:49:12,569 [WARN] PackLoader:240 - Cannot read IP mode file for WES.I-CUBE-Cesium.1.3.0
2025-07-24 09:49:12,579 [WARN] PackLoader:240 - Cannot read IP mode file for STMicroelectronics.X-CUBE-BLE2.3.3.0
2025-07-24 09:49:12,592 [WARN] PackLoader:240 - Cannot read IP mode file for STMicroelectronics.X-CUBE-NFC9.1.0.0
2025-07-24 09:49:12,604 [WARN] PackLoader:240 - Cannot read IP mode file for STMicroelectronics.X-CUBE-EEPRMA1.5.2.0
2025-07-24 09:49:12,615 [WARN] PackLoader:240 - Cannot read IP mode file for STMicroelectronics.X-CUBE-AI.10.1.0
2025-07-24 09:49:12,649 [WARN] PackLoader:240 - Cannot read IP mode file for STMicroelectronics.X-CUBE-MEMS1.11.2.0
2025-07-24 09:49:12,737 [WARN] PackLoader:240 - Cannot read IP mode file for STMicroelectronics.X-CUBE-AZRTOS-G0.1.1.0
2025-07-24 09:49:12,751 [WARN] PackLoader:240 - Cannot read IP mode file for STMicroelectronics.X-CUBE-SAFEA1.1.2.2
2025-07-24 09:49:12,763 [WARN] PackLoader:240 - Cannot read IP mode file for STMicroelectronics.X-CUBE-NFC4.3.0.0
2025-07-24 09:49:12,776 [WARN] PackLoader:240 - Cannot read IP mode file for EmbeddedOffice.I-CUBE-FS-RTOS.1.0.1
2025-07-24 09:49:12,788 [WARN] PackLoader:240 - Cannot read IP mode file for STMicroelectronics.X-CUBE-WB05N.2.0.0
2025-07-24 09:49:12,800 [WARN] PackLoader:240 - Cannot read IP mode file for STMicroelectronics.X-CUBE-TCPP.4.2.0
2025-07-24 09:49:12,811 [WARN] PackLoader:240 - Cannot read IP mode file for RealThread.X-CUBE-RT-Thread_Nano.4.1.1
2025-07-24 09:49:12,822 [WARN] PackLoader:240 - Cannot read IP mode file for STMicroelectronics.FP-ATR-SIGFOX1.3.2.0
2025-07-24 09:49:12,835 [WARN] PackLoader:240 - Cannot read IP mode file for STMicroelectronics.X-CUBE-EEPRMA1.5.1.0
2025-07-24 09:49:12,849 [WARN] PackLoader:240 - Cannot read IP mode file for STMicroelectronics.X-CUBE-ST67W61.1.0.0
2025-07-24 09:49:12,872 [WARN] PackLoader:240 - Cannot read IP mode file for SEGGER.I-CUBE-embOS.1.3.1
2025-07-24 09:49:12,895 [WARN] PackLoader:240 - Cannot read IP mode file for STMicroelectronics.X-CUBE-ALGOBUILD.1.4.0
2025-07-24 09:49:12,925 [WARN] PackLoader:240 - Cannot read IP mode file for STMicroelectronics.X-CUBE-MEMS1.11.3.0
2025-07-24 09:49:12,982 [WARN] PackLoader:240 - Cannot read IP mode file for STMicroelectronics.X-CUBE-PM33A1.1.0.0
2025-07-24 09:49:13,004 [WARN] PackLoader:240 - Cannot read IP mode file for STMicroelectronics.X-CUBE-AZRTOS-F4.1.1.0
2025-07-24 09:49:13,016 [WARN] PackLoader:240 - Cannot read IP mode file for Avnet-IotConnect.X-CUBE-IoTC-DA16k-PMOD.1.0.0
2025-07-24 09:49:13,027 [WARN] PackLoader:240 - Cannot read IP mode file for STMicroelectronics.X-CUBE-ISPU.2.1.0
2025-07-24 09:49:13,038 [WARN] PackLoader:240 - Cannot read IP mode file for STMicroelectronics.X-CUBE-NFC12.1.0.0
2025-07-24 09:49:13,058 [WARN] PackLoader:240 - Cannot read IP mode file for STMicroelectronics.X-CUBE-AZRTOS-L5.2.0.0
2025-07-24 09:49:13,070 [WARN] PackLoader:240 - Cannot read IP mode file for STMicroelectronics.X-CUBE-NFC6.3.1.0
2025-07-24 09:49:13,081 [WARN] PackLoader:240 - Cannot read IP mode file for STMicroelectronics.X-CUBE-DPower.1.2.0
2025-07-24 09:49:13,091 [WARN] PackLoader:240 - Cannot read IP mode file for STMicroelectronics.X-CUBE-FREERTOS.1.3.1
2025-07-24 09:49:13,100 [WARN] PackLoader:240 - Cannot read IP mode file for STMicroelectronics.X-CUBE-FREERTOS.1.3.0
2025-07-24 09:49:13,111 [WARN] PackLoader:240 - Cannot read IP mode file for STMicroelectronics.X-CUBE-NFC7.1.0.1
2025-07-24 09:49:13,123 [WARN] PackLoader:240 - Cannot read IP mode file for STMicroelectronics.FP-SNS-STAIOTCFT.1.0.0
2025-07-24 09:49:13,133 [WARN] PackLoader:240 - Cannot read IP mode file for STMicroelectronics.X-CUBE-DPower.1.3.0
2025-07-24 09:49:13,154 [WARN] ConditionMgr:438 - getConditionDescription Invalid condition id : LAN8742 Phy interface Condition cause : null
2025-07-24 09:49:13,155 [WARN] PackLoader:240 - Cannot read IP mode file for STMicroelectronics.X-CUBE-AZRTOS-L4.2.0.0
2025-07-24 09:49:13,156 [WARN] ConditionMgr:1044 - genDependencies : Invalid condition id : LAN8742 Phy interface Condition cause : null
2025-07-24 09:49:13,156 [WARN] ConditionMgr:1044 - genDependencies : Invalid condition id : LAN8742 Phy interface Condition cause : null
2025-07-24 09:49:13,156 [WARN] ConditionMgr:1044 - genDependencies : Invalid condition id : LAN8742 Phy interface Condition cause : null
2025-07-24 09:49:13,168 [WARN] PackLoader:240 - Cannot read IP mode file for STMicroelectronics.X-CUBE-SFXS2LP1.4.0.0
2025-07-24 09:49:13,187 [WARN] PackLoader:240 - Cannot read IP mode file for STMicroelectronics.X-CUBE-AZRTOS-H7.3.3.0
2025-07-24 09:49:13,200 [WARN] PackLoader:240 - Cannot read IP mode file for STMicroelectronics.X-CUBE-BLEMGR.4.1.0
2025-07-24 09:49:13,219 [WARN] ConditionMgr:438 - getConditionDescription Invalid condition id : UX DEVICE CLASS RTOS Condition cause : null
2025-07-24 09:49:13,219 [WARN] ConditionMgr:438 - getConditionDescription Invalid condition id : UX DEVICE CLASS RTOS Condition cause : null
2025-07-24 09:49:13,220 [WARN] PackLoader:240 - Cannot read IP mode file for STMicroelectronics.X-CUBE-AZRTOS-WB.2.0.0
2025-07-24 09:49:13,221 [WARN] ConditionMgr:1044 - genDependencies : Invalid condition id : UX DEVICE CLASS RTOS Condition cause : null
2025-07-24 09:49:13,221 [WARN] ConditionMgr:1044 - genDependencies : Invalid condition id : UX DEVICE CLASS RTOS Condition cause : null
2025-07-24 09:49:13,221 [WARN] ConditionMgr:1044 - genDependencies : Invalid condition id : UX DEVICE CLASS RTOS Condition cause : null
2025-07-24 09:49:13,221 [WARN] ConditionMgr:1044 - genDependencies : Invalid condition id : UX DEVICE CLASS RTOS Condition cause : null
2025-07-24 09:49:13,221 [WARN] ConditionMgr:1044 - genDependencies : Invalid condition id : UX DEVICE CLASS RTOS Condition cause : null
2025-07-24 09:49:13,232 [WARN] PackLoader:240 - Cannot read IP mode file for STMicroelectronics.X-CUBE-GNSS1.7.0.1
2025-07-24 09:49:13,243 [WARN] PackLoader:240 - Cannot read IP mode file for STMicroelectronics.FP-SNS-STBOX1.2.0.0
2025-07-24 09:49:13,256 [WARN] PackLoader:240 - Cannot read IP mode file for STMicroelectronics.X-CUBE-SUBG2.5.0.0
2025-07-24 09:49:13,277 [WARN] PackLoader:240 - Cannot read IP mode file for STMicroelectronics.X-CUBE-AZRTOS-H7RS.1.1.0
2025-07-24 09:49:13,288 [WARN] PackLoader:240 - Cannot read IP mode file for Cesanta.I-CUBE-Mongoose.7.13.0
2025-07-24 09:49:13,303 [WARN] PackLoader:240 - Cannot read IP mode file for STMicroelectronics.X-CUBE-AZRTOS-G4.2.0.0
2025-07-24 09:49:13,313 [WARN] PackLoader:240 - Cannot read IP mode file for STMicroelectronics.X-CUBE-NFC7.2.0.0
2025-07-24 09:49:13,325 [WARN] PackLoader:240 - Cannot read IP mode file for STMicroelectronics.X-CUBE-IPS.3.1.0
2025-07-24 09:49:13,338 [WARN] PackLoader:240 - Cannot read IP mode file for STMicroelectronics.X-CUBE-ALS.1.0.2
2025-07-24 09:49:13,348 [WARN] PackLoader:240 - Cannot read IP mode file for portGmbH.I-Cube-SoM-uGOAL.1.1.0
2025-07-24 09:49:13,369 [WARN] PackLoader:240 - Cannot read IP mode file for STMicroelectronics.X-CUBE-AZRTOS-H7RS.1.0.0
2025-07-24 09:49:13,387 [WARN] PackLoader:240 - Cannot read IP mode file for STMicroelectronics.X-CUBE-TOF1.3.4.2
2025-07-24 09:49:13,409 [WARN] PackLoader:240 - Cannot read IP mode file for STMicroelectronics.X-CUBE-TOF1.3.4.3
2025-07-24 09:49:13,413 [INFO] ThirdParty:978 - Integrity check success = true
2025-07-24 09:49:13,413 [INFO] IntegrityCheckThread:100 - exiting critical section [integrity check]
2025-07-24 09:49:13,413 [INFO] IntegrityCheckThread:103 - End integrity checks thread
