2025-07-25 02:45:24,698 [INFO] Activator:176 - 


2025-07-25 02:45:24,704 [INFO] Activator:177 - !SESSION log4j initialized
2025-07-25 02:45:28,474 [INFO] LogOutputStream:77 - [STDOUT_REDIRECT] 
2025-07-25 02:45:29,974 [INFO] ApplicationProperties:184 - Using Application install path: C:\ST\STM32CubeIDE_1.18.0\STM32CubeIDE\plugins\com.st.stm32cube.common.mx_6.15.0.202507011659
2025-07-25 02:45:29,988 [INFO] DbMcusXml:78 - Set database path to: C:\ST\STM32CubeIDE_1.18.0\STM32CubeIDE\plugins\com.st.stm32cube.common.mx_6.15.0.202507011659\\db\/mcu/
2025-07-25 02:45:29,989 [INFO] ApiDb:274 - Set plugin database path to: C:\ST\STM32CubeIDE_1.18.0\STM32CubeIDE\plugins\com.st.stm32cube.common.mx_6.15.0.202507011659\\db\/plugins/boardmanager/
2025-07-25 02:45:29,991 [WARN] ApiDb:259 - Overriding images path with different value:  => C:\ST\STM32CubeIDE_1.18.0\STM32CubeIDE\plugins\com.st.stm32cube.common.mx_6.15.0.202507011659\\db\/plugins/mcufinder/images/
2025-07-25 02:45:29,995 [INFO] ApiDb:250 - Set database path to: C:\Users\Admin\.stmcufinder\plugins\mcufinder//mcu/
2025-07-25 02:45:29,996 [INFO] DbMcusAds:125 - Set database path to: C:\Users\Admin\.stmcufinder\plugins\mcufinder//mcu/
2025-07-25 02:45:29,998 [INFO] CrossReferenceDbSqlite:203 - Set database path to: C:\Users\Admin\.stmcufinder\plugins\mcufinder//mcu/cs/
2025-07-25 02:45:30,083 [INFO] RulesReader:64 - Compatibility file has been processed (317 Rules)
2025-07-25 02:45:30,168 [INFO] DbMcusXml:78 - Set database path to: C:\ST\STM32CubeIDE_1.18.0\STM32CubeIDE\plugins\com.st.stm32cube.common.mx_6.15.0.202507011659\\db\/mcu/
2025-07-25 02:45:30,168 [INFO] ApiDb:274 - Set plugin database path to: C:\ST\STM32CubeIDE_1.18.0\STM32CubeIDE\plugins\com.st.stm32cube.common.mx_6.15.0.202507011659\\db\/plugins/boardmanager/
2025-07-25 02:45:30,168 [INFO] ApiDb:261 - Set plugin images path to: C:\ST\STM32CubeIDE_1.18.0\STM32CubeIDE\plugins\com.st.stm32cube.common.mx_6.15.0.202507011659\\db\/plugins/mcufinder/images/
2025-07-25 02:45:30,168 [WARN] DbFile:41 - Overriding database path with different value: C:\Users\Admin\.stmcufinder\plugins\mcufinder/ => C:\Users\Admin\.stmcufinder\plugins\mcufinder
2025-07-25 02:45:30,168 [INFO] ApiDb:250 - Set database path to: C:\Users\Admin\.stmcufinder\plugins\mcufinder//mcu/
2025-07-25 02:45:30,168 [WARN] DbFile:41 - Overriding database path with different value: C:\Users\Admin\.stmcufinder\plugins\mcufinder/ => C:\Users\Admin\.stmcufinder\plugins\mcufinder
2025-07-25 02:45:30,169 [INFO] DbMcusAds:125 - Set database path to: C:\Users\Admin\.stmcufinder\plugins\mcufinder//mcu/
2025-07-25 02:45:30,169 [WARN] DbFile:41 - Overriding database path with different value: C:\Users\Admin\.stmcufinder\plugins\mcufinder/ => C:\Users\Admin\.stmcufinder\plugins\mcufinder
2025-07-25 02:45:30,169 [WARN] DbFile:41 - Overriding database path with different value: C:\Users\Admin\.stmcufinder\plugins\mcufinder/ => C:\Users\Admin\.stmcufinder\plugins\mcufinder
2025-07-25 02:45:30,169 [INFO] CrossReferenceDbSqlite:203 - Set database path to: C:\Users\Admin\.stmcufinder\plugins\mcufinder//mcu/cs/
2025-07-25 02:45:30,237 [INFO] MainPanel:274 - HeapMemory: 268435456
2025-07-25 02:45:30,315 [INFO] DbMcusXml:78 - Set database path to: C:\ST\STM32CubeIDE_1.18.0\STM32CubeIDE\plugins\com.st.stm32cube.common.mx_6.15.0.202507011659\\db\/mcu/
2025-07-25 02:45:30,315 [INFO] ApiDb:274 - Set plugin database path to: C:\ST\STM32CubeIDE_1.18.0\STM32CubeIDE\plugins\com.st.stm32cube.common.mx_6.15.0.202507011659\\db\/plugins/boardmanager/
2025-07-25 02:45:30,316 [INFO] ApiDb:261 - Set plugin images path to: C:\ST\STM32CubeIDE_1.18.0\STM32CubeIDE\plugins\com.st.stm32cube.common.mx_6.15.0.202507011659\\db\/plugins/mcufinder/images/
2025-07-25 02:45:30,316 [WARN] DbFile:41 - Overriding database path with different value: C:\Users\Admin\.stmcufinder\plugins\mcufinder/ => C:\Users\Admin\.stmcufinder\plugins\mcufinder
2025-07-25 02:45:30,316 [INFO] ApiDb:250 - Set database path to: C:\Users\Admin\.stmcufinder\plugins\mcufinder//mcu/
2025-07-25 02:45:30,316 [WARN] DbFile:41 - Overriding database path with different value: C:\Users\Admin\.stmcufinder\plugins\mcufinder/ => C:\Users\Admin\.stmcufinder\plugins\mcufinder
2025-07-25 02:45:30,316 [INFO] DbMcusAds:125 - Set database path to: C:\Users\Admin\.stmcufinder\plugins\mcufinder//mcu/
2025-07-25 02:45:30,316 [WARN] DbFile:41 - Overriding database path with different value: C:\Users\Admin\.stmcufinder\plugins\mcufinder/ => C:\Users\Admin\.stmcufinder\plugins\mcufinder
2025-07-25 02:45:30,316 [WARN] DbFile:41 - Overriding database path with different value: C:\Users\Admin\.stmcufinder\plugins\mcufinder/ => C:\Users\Admin\.stmcufinder\plugins\mcufinder
2025-07-25 02:45:30,316 [INFO] CrossReferenceDbSqlite:203 - Set database path to: C:\Users\Admin\.stmcufinder\plugins\mcufinder//mcu/cs/
2025-07-25 02:45:30,331 [INFO] ApplicationProperties:184 - Using Application install path: C:\ST\STM32CubeIDE_1.18.0\STM32CubeIDE\plugins\com.st.stm32cube.common.mx_6.15.0.202507011659
2025-07-25 02:45:30,332 [INFO] PluginManage:196 - Search for loadable plugins [exclusion list=, ]
2025-07-25 02:45:30,333 [INFO] PluginManage:310 - Check plugin analytics
2025-07-25 02:45:30,467 [INFO] AnalyticsPlugin:253 - Accepted Software Licenses: 
2025-07-25 02:45:30,467 [INFO] AnalyticsPlugin:255 - Accepted CMSIS Pack Licenses: 
2025-07-25 02:45:30,467 [INFO] AnalyticsPlugin:257 - Accepted Firmware Licenses: FW.F4.1.28.0
2025-07-25 02:45:30,471 [INFO] PluginManage:359 - Loaded plugin analytics (category:tool,tabindex:-1)
2025-07-25 02:45:30,472 [INFO] PluginManage:310 - Check plugin cadmodel
2025-07-25 02:45:30,477 [INFO] CADModel:105 - Init CAD model plugin
2025-07-25 02:45:30,477 [INFO] PluginManage:359 - Loaded plugin cadmodel (category:power,tabindex:5)
2025-07-25 02:45:30,477 [INFO] PluginManage:310 - Check plugin clock
2025-07-25 02:45:30,486 [INFO] PluginManage:359 - Loaded plugin clock (category:base,tabindex:2)
2025-07-25 02:45:30,486 [INFO] PluginManage:310 - Check plugin ddr
2025-07-25 02:45:30,488 [INFO] PluginManage:359 - Loaded plugin ddr (category:tool,tabindex:6)
2025-07-25 02:45:30,488 [INFO] PluginManage:310 - Check plugin filemanager
2025-07-25 02:45:30,600 [INFO] PluginManage:359 - Loaded plugin filemanager (category:base,tabindex:10)
2025-07-25 02:45:30,600 [INFO] PluginManage:310 - Check plugin ipmanager
2025-07-25 02:45:30,605 [INFO] PluginManage:359 - Loaded plugin ipmanager (category:base,tabindex:5)
2025-07-25 02:45:30,605 [INFO] PluginManage:310 - Check plugin lpbam
2025-07-25 02:45:30,611 [INFO] PluginManage:359 - Loaded plugin lpbam (category:base,tabindex:0)
2025-07-25 02:45:30,611 [INFO] PluginManage:310 - Check plugin memorymap
2025-07-25 02:45:30,621 [INFO] PluginManage:359 - Loaded plugin memorymap (category:base,tabindex:4)
2025-07-25 02:45:30,621 [INFO] PluginManage:310 - Check plugin pinoutandconfiguration
2025-07-25 02:45:30,627 [INFO] PluginManage:359 - Loaded plugin pinoutandconfiguration (category:base,tabindex:1)
2025-07-25 02:45:30,627 [INFO] PluginManage:310 - Check plugin pinoutconfig
2025-07-25 02:45:30,692 [WARN] SupportedApi:132 - Cannot load RTOS API schema: s4s-elt-must-match.1: The content of 'definitions' must match (annotation?, (simpleType | complexType)?, (unique | key | keyref)*)). A problem was found starting at: attribute.
2025-07-25 02:45:30,792 [INFO] PluginManage:359 - Loaded plugin pinoutconfig (category:base,tabindex:0)
2025-07-25 02:45:30,792 [INFO] PluginManage:310 - Check plugin power
2025-07-25 02:45:30,797 [INFO] PluginManage:359 - Loaded plugin power (category:power,tabindex:4)
2025-07-25 02:45:30,798 [INFO] PluginManage:310 - Check plugin projectmanager
2025-07-25 02:45:30,814 [INFO] PluginManage:359 - Loaded plugin projectmanager (category:projectmanager,tabindex:4)
2025-07-25 02:45:30,814 [INFO] PluginManage:310 - Check plugin rif
2025-07-25 02:45:30,822 [INFO] PluginManage:359 - Loaded plugin rif (category:base,tabindex:3)
2025-07-25 02:45:30,822 [INFO] PluginManage:310 - Check plugin thirdparty
2025-07-25 02:45:30,955 [INFO] PluginManage:359 - Loaded plugin thirdparty (category:base,tabindex:-1)
2025-07-25 02:45:30,955 [WARN] IntegrityCheckThread:84 - waiting for thirdparty lock release [integrity check]
2025-07-25 02:45:30,956 [INFO] PluginManage:310 - Check plugin tools
2025-07-25 02:45:30,956 [INFO] IntegrityCheckThread:86 - entering critical section [integrity check]
2025-07-25 02:45:30,956 [INFO] ThirdPartyUpdaterWithRetryManager:70 - Updater plugin not ready yet. [1/15]
2025-07-25 02:45:30,958 [INFO] PluginManage:359 - Loaded plugin tools (category:base,tabindex:7)
2025-07-25 02:45:30,958 [INFO] PluginManage:310 - Check plugin tutovideos
2025-07-25 02:45:31,088 [INFO] PluginManage:359 - Loaded plugin tutovideos (category:base,tabindex:-1)
2025-07-25 02:45:31,089 [INFO] PluginManage:310 - Check plugin updater
2025-07-25 02:45:31,104 [INFO] PluginManage:359 - Loaded plugin updater (category:base,tabindex:12)
2025-07-25 02:45:31,104 [INFO] PluginManage:310 - Check plugin userauth
2025-07-25 02:45:31,107 [INFO] UserAuth:118 - Init User Auth plugin
2025-07-25 02:45:31,108 [INFO] PluginManage:359 - Loaded plugin userauth (category:base,tabindex:14)
2025-07-25 02:45:31,109 [INFO] PluginManage:283 - PluginManage : Loaded plugins [18]
2025-07-25 02:45:31,276 [INFO] PinOutPanel:1589 - setPackage(No Configuration,No Configuration)
2025-07-25 02:45:31,332 [INFO] CADModel:165 - CPN selected for project level
2025-07-25 02:45:31,332 [INFO] CADModel:114 - Register for checkConnection events
2025-07-25 02:45:31,344 [INFO] IPUIPlugin:80 - create IPUIPlugin
2025-07-25 02:45:31,344 [INFO] PluginManager:220 - loadIPPluginJar : add adc
2025-07-25 02:45:31,346 [INFO] IPUIPlugin:80 - create IPUIPlugin
2025-07-25 02:45:31,346 [INFO] PluginManager:220 - loadIPPluginJar : add aes
2025-07-25 02:45:31,347 [INFO] IPUIPlugin:80 - create IPUIPlugin
2025-07-25 02:45:31,348 [INFO] PluginManager:220 - loadIPPluginJar : add can
2025-07-25 02:45:31,350 [INFO] IPUIPlugin:80 - create IPUIPlugin
2025-07-25 02:45:31,350 [INFO] PluginManager:220 - loadIPPluginJar : add comp
2025-07-25 02:45:31,351 [INFO] IPUIPlugin:80 - create IPUIPlugin
2025-07-25 02:45:31,352 [INFO] PluginManager:220 - loadIPPluginJar : add cryp
2025-07-25 02:45:31,353 [INFO] IPUIPlugin:80 - create IPUIPlugin
2025-07-25 02:45:31,353 [INFO] PluginManager:220 - loadIPPluginJar : add ddr_ctrl_phy
2025-07-25 02:45:31,354 [INFO] IPUIPlugin:80 - create IPUIPlugin
2025-07-25 02:45:31,354 [INFO] PluginManager:220 - loadIPPluginJar : add dfsdm
2025-07-25 02:45:31,358 [INFO] IPUIPlugin:80 - create IPUIPlugin
2025-07-25 02:45:31,358 [INFO] PluginManager:220 - loadIPPluginJar : add dma
2025-07-25 02:45:31,361 [INFO] IPUIPlugin:80 - create IPUIPlugin
2025-07-25 02:45:31,361 [INFO] PluginManager:220 - loadIPPluginJar : add dma3
2025-07-25 02:45:31,362 [INFO] IPUIPlugin:80 - create IPUIPlugin
2025-07-25 02:45:31,362 [INFO] PluginManager:220 - loadIPPluginJar : add extmemmanager
2025-07-25 02:45:31,364 [INFO] IPUIPlugin:80 - create IPUIPlugin
2025-07-25 02:45:31,364 [INFO] PluginManager:220 - loadIPPluginJar : add fatfs
2025-07-25 02:45:31,367 [INFO] IPUIPlugin:80 - create IPUIPlugin
2025-07-25 02:45:31,367 [INFO] PluginManager:220 - loadIPPluginJar : add fmc
2025-07-25 02:45:31,371 [INFO] IPUIPlugin:80 - create IPUIPlugin
2025-07-25 02:45:31,371 [INFO] PluginManager:220 - loadIPPluginJar : add freertos
2025-07-25 02:45:31,373 [INFO] IPUIPlugin:80 - create IPUIPlugin
2025-07-25 02:45:31,373 [INFO] PluginManager:220 - loadIPPluginJar : add genericplugin
2025-07-25 02:45:31,374 [INFO] IPUIPlugin:80 - create IPUIPlugin
2025-07-25 02:45:31,374 [INFO] PluginManager:220 - loadIPPluginJar : add gfxmmu
2025-07-25 02:45:31,377 [INFO] IPUIPlugin:80 - create IPUIPlugin
2025-07-25 02:45:31,377 [INFO] PluginManager:220 - loadIPPluginJar : add gic
2025-07-25 02:45:31,380 [INFO] IPUIPlugin:80 - create IPUIPlugin
2025-07-25 02:45:31,380 [INFO] PluginManager:220 - loadIPPluginJar : add gpio
2025-07-25 02:45:31,382 [INFO] IPUIPlugin:80 - create IPUIPlugin
2025-07-25 02:45:31,382 [INFO] PluginManager:220 - loadIPPluginJar : add gtzc
2025-07-25 02:45:31,383 [INFO] IPUIPlugin:80 - create IPUIPlugin
2025-07-25 02:45:31,384 [INFO] PluginManager:220 - loadIPPluginJar : add hash
2025-07-25 02:45:31,385 [INFO] IPUIPlugin:80 - create IPUIPlugin
2025-07-25 02:45:31,385 [INFO] PluginManager:220 - loadIPPluginJar : add i2c
2025-07-25 02:45:31,386 [INFO] IPUIPlugin:80 - create IPUIPlugin
2025-07-25 02:45:31,387 [INFO] PluginManager:220 - loadIPPluginJar : add i2s
2025-07-25 02:45:31,388 [INFO] IPUIPlugin:80 - create IPUIPlugin
2025-07-25 02:45:31,389 [INFO] PluginManager:220 - loadIPPluginJar : add i3c
2025-07-25 02:45:31,391 [INFO] IPUIPlugin:80 - create IPUIPlugin
2025-07-25 02:45:31,391 [INFO] PluginManager:220 - loadIPPluginJar : add ipddr
2025-07-25 02:45:31,396 [INFO] IPUIPlugin:80 - create IPUIPlugin
2025-07-25 02:45:31,396 [INFO] PluginManager:220 - loadIPPluginJar : add linkedlist
2025-07-25 02:45:31,399 [INFO] IPUIPlugin:80 - create IPUIPlugin
2025-07-25 02:45:31,399 [INFO] PluginManager:220 - loadIPPluginJar : add lorawan
2025-07-25 02:45:31,400 [INFO] IPUIPlugin:80 - create IPUIPlugin
2025-07-25 02:45:31,400 [INFO] PluginManager:220 - loadIPPluginJar : add ltdc
2025-07-25 02:45:31,403 [INFO] IPUIPlugin:80 - create IPUIPlugin
2025-07-25 02:45:31,403 [INFO] PluginManager:220 - loadIPPluginJar : add mdma
2025-07-25 02:45:31,406 [INFO] IPUIPlugin:80 - create IPUIPlugin
2025-07-25 02:45:31,406 [INFO] PluginManager:220 - loadIPPluginJar : add nvic
2025-07-25 02:45:31,409 [INFO] IPUIPlugin:80 - create IPUIPlugin
2025-07-25 02:45:31,409 [INFO] PluginManager:220 - loadIPPluginJar : add opamp
2025-07-25 02:45:31,411 [INFO] IPUIPlugin:80 - create IPUIPlugin
2025-07-25 02:45:31,411 [INFO] PluginManager:220 - loadIPPluginJar : add openamp
2025-07-25 02:45:31,413 [INFO] IPUIPlugin:80 - create IPUIPlugin
2025-07-25 02:45:31,413 [INFO] PluginManager:220 - loadIPPluginJar : add pdm2pcm
2025-07-25 02:45:31,416 [INFO] IPUIPlugin:80 - create IPUIPlugin
2025-07-25 02:45:31,418 [INFO] PluginManager:220 - loadIPPluginJar : add plateformsettings
2025-07-25 02:45:31,419 [INFO] IPUIPlugin:80 - create IPUIPlugin
2025-07-25 02:45:31,419 [INFO] PluginManager:220 - loadIPPluginJar : add quadspi
2025-07-25 02:45:31,420 [INFO] IPUIPlugin:80 - create IPUIPlugin
2025-07-25 02:45:31,420 [INFO] PluginManager:220 - loadIPPluginJar : add radio
2025-07-25 02:45:31,422 [INFO] IPUIPlugin:80 - create IPUIPlugin
2025-07-25 02:45:31,422 [INFO] PluginManager:220 - loadIPPluginJar : add resmgrutility
2025-07-25 02:45:31,426 [INFO] IPUIPlugin:80 - create IPUIPlugin
2025-07-25 02:45:31,426 [INFO] PluginManager:220 - loadIPPluginJar : add sai
2025-07-25 02:45:31,427 [INFO] IPUIPlugin:80 - create IPUIPlugin
2025-07-25 02:45:31,427 [INFO] PluginManager:220 - loadIPPluginJar : add spi
2025-07-25 02:45:31,431 [INFO] IPUIPlugin:80 - create IPUIPlugin
2025-07-25 02:45:31,431 [INFO] PluginManager:220 - loadIPPluginJar : add stm32_wpan
2025-07-25 02:45:31,432 [INFO] IPUIPlugin:80 - create IPUIPlugin
2025-07-25 02:45:31,432 [INFO] PluginManager:220 - loadIPPluginJar : add tim
2025-07-25 02:45:31,435 [INFO] IPUIPlugin:80 - create IPUIPlugin
2025-07-25 02:45:31,435 [INFO] PluginManager:220 - loadIPPluginJar : add touchsensing
2025-07-25 02:45:31,436 [INFO] IPUIPlugin:80 - create IPUIPlugin
2025-07-25 02:45:31,436 [INFO] PluginManager:220 - loadIPPluginJar : add tracer_emb
2025-07-25 02:45:31,437 [INFO] IPUIPlugin:80 - create IPUIPlugin
2025-07-25 02:45:31,437 [INFO] PluginManager:220 - loadIPPluginJar : add ts
2025-07-25 02:45:31,438 [INFO] IPUIPlugin:80 - create IPUIPlugin
2025-07-25 02:45:31,438 [INFO] PluginManager:220 - loadIPPluginJar : add tsc
2025-07-25 02:45:31,440 [INFO] IPUIPlugin:80 - create IPUIPlugin
2025-07-25 02:45:31,440 [INFO] PluginManager:220 - loadIPPluginJar : add ucpd
2025-07-25 02:45:31,442 [INFO] IPUIPlugin:80 - create IPUIPlugin
2025-07-25 02:45:31,442 [INFO] PluginManager:220 - loadIPPluginJar : add usart
2025-07-25 02:45:31,444 [INFO] IPUIPlugin:80 - create IPUIPlugin
2025-07-25 02:45:31,444 [INFO] PluginManager:220 - loadIPPluginJar : add usbx
2025-07-25 02:45:31,556 [FATAL] Updater:351 - Updater called before beeing initialized
2025-07-25 02:45:31,577 [INFO] RulesReader:64 - Compatibility file has been processed (317 Rules)
2025-07-25 02:45:31,584 [INFO] RulesReader:64 - Compatibility file has been processed (317 Rules)
2025-07-25 02:45:31,595 [INFO] CADModel:165 - CPN selected for project level
2025-07-25 02:45:31,596 [INFO] CADModel:114 - Register for checkConnection events
2025-07-25 02:45:31,596 [FATAL] Updater:351 - Updater called before beeing initialized
2025-07-25 02:45:31,596 [ERROR] CADModel:125 - Updater not yet initialized, retry later 
2025-07-25 02:45:31,708 [FATAL] Updater:351 - Updater called before beeing initialized
2025-07-25 02:45:31,709 [INFO] CADModel:165 - CPN selected for project level
2025-07-25 02:45:31,709 [INFO] CADModel:114 - Register for checkConnection events
2025-07-25 02:45:31,709 [FATAL] Updater:351 - Updater called before beeing initialized
2025-07-25 02:45:31,709 [ERROR] CADModel:125 - Updater not yet initialized, retry later 
2025-07-25 02:45:31,712 [FATAL] Updater:351 - Updater called before beeing initialized
2025-07-25 02:45:31,789 [FATAL] Updater:351 - Updater called before beeing initialized
2025-07-25 02:45:31,792 [INFO] DbMcusAds:53 - JSON generation date=Tue Jul 08 15:14:23 ICT 2025 (1751962463562)
2025-07-25 02:45:31,792 [FATAL] Updater:351 - Updater called before beeing initialized
2025-07-25 02:45:31,814 [WARN] DetailPanel:346 - Failed to get advertising image, set to default
2025-07-25 02:45:31,871 [FATAL] Updater:351 - Updater called before beeing initialized
2025-07-25 02:45:31,873 [FATAL] Updater:351 - Updater called before beeing initialized
2025-07-25 02:45:31,873 [FATAL] Updater:351 - Updater called before beeing initialized
2025-07-25 02:45:31,873 [WARN] DetailPanel:346 - Failed to get advertising image, set to default
2025-07-25 02:45:31,874 [FATAL] Updater:351 - Updater called before beeing initialized
2025-07-25 02:45:31,908 [ERROR] Updater:1198 - MainUpdater not yet initialized. External WinMGr cannot be set.
2025-07-25 02:45:31,909 [INFO] Updater:1134 - Updater Version found : 6.15.0
2025-07-25 02:45:31,922 [INFO] ApplicationProperties:184 - Using Application install path: C:\ST\STM32CubeIDE_1.18.0\STM32CubeIDE\plugins\com.st.stm32cube.common.mx_6.15.0.202507011659
2025-07-25 02:45:32,235 [INFO] MainUpdater:2872 - connection check result : 10
2025-07-25 02:45:32,235 [INFO] MainUpdater:289 - Updater Check For Update Now.
2025-07-25 02:45:32,235 [INFO] MicroXplorer:498 - Change Database Version : DB.6.0.150
2025-07-25 02:45:32,246 [INFO] McuFinderGlobals:63 - Set McuFinder mode to 2 (CubeIDE integrated)
2025-07-25 02:45:32,246 [INFO] UserAuth:487 - Internet connection configuration mode: 1
2025-07-25 02:45:32,270 [INFO] JxBrowserEngine:152 - Initiate JxBrowser Engine with user profile folder
2025-07-25 02:45:32,398 [INFO] CheckServerUpdateThread:120 - End of CheckServer Thread
2025-07-25 02:45:32,817 [INFO] WebApp:169 - Instantiating new browser for Auth
2025-07-25 02:45:33,279 [INFO] WebApp:463 - Apply proxy settings
2025-07-25 02:45:33,279 [INFO] WebApp:548 - Chromium requires no authentication
2025-07-25 02:45:33,285 [INFO] WebApp:491 - Direct internet connection detected
2025-07-25 02:45:33,300 [INFO] WebApp:900 - Register for checkConnection events
2025-07-25 02:45:33,300 [INFO] WebApp:463 - Apply proxy settings
2025-07-25 02:45:33,300 [INFO] WebApp:548 - Chromium requires no authentication
2025-07-25 02:45:33,301 [INFO] WebApp:491 - Direct internet connection detected
2025-07-25 02:45:33,408 [INFO] WebApp:225 - Starting web application
2025-07-25 02:45:33,408 [INFO] WebApp:593 - Web application path used C:\ST\STM32CubeIDE_1.18.0\STM32CubeIDE\plugins\com.st.stm32cube.common.mx_6.15.0.202507011659\db\plugins\mcufinder\reactClient1\index.html
2025-07-25 02:45:33,469 [INFO] UserAuth:487 - Internet connection configuration mode: 1
2025-07-25 02:45:33,610 [INFO] WebApp:191 - Connection restablished
2025-07-25 02:45:34,106 [WARN] PackLoader:240 - Cannot read IP mode file for STMicroelectronics.FP-SNS-MOTENVWB1.1.4.0
2025-07-25 02:45:34,115 [WARN] PackLoader:240 - Cannot read IP mode file for STMicroelectronics.X-CUBE-SMBUS.2.1.0
2025-07-25 02:45:34,124 [WARN] PackLoader:240 - Cannot read IP mode file for STMicroelectronics.X-CUBE-WB05N.1.1.0
2025-07-25 02:45:34,130 [WARN] PackLoader:240 - Cannot read IP mode file for STMicroelectronics.X-CUBE-ST60.1.0.0
2025-07-25 02:45:34,150 [WARN] PackLoader:240 - Cannot read IP mode file for STMicroelectronics.X-CUBE-AZRTOS-F7.1.1.0
2025-07-25 02:45:34,183 [WARN] PackLoader:240 - Cannot read IP mode file for STMicroelectronics.X-CUBE-AZRTOS-H7.3.4.0
2025-07-25 02:45:34,201 [WARN] PackLoader:240 - Cannot read IP mode file for STMicroelectronics.X-CUBE-DISPLAY.3.0.0
2025-07-25 02:45:34,213 [WARN] PackLoader:240 - Cannot read IP mode file for STMicroelectronics.X-CUBE-NFC10.1.0.0
2025-07-25 02:45:34,246 [WARN] PackLoader:240 - Cannot read IP mode file for STMicroelectronics.X-CUBE-BLEMGR.4.0.0
2025-07-25 02:45:34,256 [WARN] ConditionMgr:438 - getConditionDescription Invalid condition id : Cortex-A Device cause : null
2025-07-25 02:45:34,275 [WARN] ConditionMgr:1044 - genDependencies : Invalid condition id : Cortex-A Device cause : null
2025-07-25 02:45:34,276 [WARN] ConditionMgr:1044 - genDependencies : Invalid condition id : Cortex-A Device cause : null
2025-07-25 02:45:34,276 [WARN] ConditionMgr:1044 - genDependencies : Invalid condition id : Cortex-A Device cause : null
2025-07-25 02:45:34,279 [WARN] PackLoader:240 - Cannot read IP mode file for STMicroelectronics.X-CUBE-AI.10.0.0
2025-07-25 02:45:34,283 [WARN] PackLoader:240 - Cannot read IP mode file for STMicroelectronics.FP-SNS-SMARTAG2.1.2.0
2025-07-25 02:45:34,319 [WARN] PackLoader:240 - Cannot read IP mode file for STMicroelectronics.X-CUBE-MEMS1.11.1.0
2025-07-25 02:45:34,409 [INFO] LogOutputStream:77 - [STDOUT_REDIRECT] 1 : Invalid condition id : UX_CORESTACK_Condition cause : null
2025-07-25 02:45:34,410 [INFO] LogOutputStream:77 - [STDOUT_REDIRECT] 1 : Invalid condition id : UX_CORESTACK_Condition cause : null
2025-07-25 02:45:34,411 [INFO] LogOutputStream:77 - [STDOUT_REDIRECT] 1 : Invalid condition id : UX_CORESTACK_Condition cause : null
2025-07-25 02:45:34,412 [INFO] LogOutputStream:77 - [STDOUT_REDIRECT] 1 : Invalid condition id : UX_CORESTACK_Condition cause : null
2025-07-25 02:45:34,413 [INFO] LogOutputStream:77 - [STDOUT_REDIRECT] 1 : Invalid condition id : UX_CORESTACK_Condition cause : null
2025-07-25 02:45:34,415 [WARN] PackLoader:240 - Cannot read IP mode file for STMicroelectronics.X-CUBE-AZRTOS-WL.2.0.0
2025-07-25 02:45:34,419 [WARN] PackLoader:240 - Cannot read IP mode file for STMicroelectronics.FP-SNS-MOTENV1.5.0.0
2025-07-25 02:45:34,426 [WARN] PackLoader:240 - Cannot read IP mode file for WES.I-CUBE-Cesium.1.3.0
2025-07-25 02:45:34,429 [WARN] PackLoader:240 - Cannot read IP mode file for STMicroelectronics.X-CUBE-BLE2.3.3.0
2025-07-25 02:45:34,434 [WARN] PackLoader:240 - Cannot read IP mode file for STMicroelectronics.X-CUBE-NFC9.1.0.0
2025-07-25 02:45:34,439 [WARN] PackLoader:240 - Cannot read IP mode file for STMicroelectronics.X-CUBE-EEPRMA1.5.2.0
2025-07-25 02:45:34,443 [WARN] PackLoader:240 - Cannot read IP mode file for STMicroelectronics.X-CUBE-AI.10.1.0
2025-07-25 02:45:34,464 [WARN] PackLoader:240 - Cannot read IP mode file for STMicroelectronics.X-CUBE-MEMS1.11.2.0
2025-07-25 02:45:34,533 [WARN] PackLoader:240 - Cannot read IP mode file for STMicroelectronics.X-CUBE-AZRTOS-G0.1.1.0
2025-07-25 02:45:34,539 [WARN] PackLoader:240 - Cannot read IP mode file for STMicroelectronics.X-CUBE-SAFEA1.1.2.2
2025-07-25 02:45:34,544 [WARN] PackLoader:240 - Cannot read IP mode file for STMicroelectronics.X-CUBE-NFC4.3.0.0
2025-07-25 02:45:34,551 [WARN] PackLoader:240 - Cannot read IP mode file for EmbeddedOffice.I-CUBE-FS-RTOS.1.0.1
2025-07-25 02:45:34,555 [WARN] PackLoader:240 - Cannot read IP mode file for STMicroelectronics.X-CUBE-WB05N.2.0.0
2025-07-25 02:45:34,559 [WARN] PackLoader:240 - Cannot read IP mode file for STMicroelectronics.X-CUBE-TCPP.4.2.0
2025-07-25 02:45:34,563 [WARN] PackLoader:240 - Cannot read IP mode file for RealThread.X-CUBE-RT-Thread_Nano.4.1.1
2025-07-25 02:45:34,569 [WARN] PackLoader:240 - Cannot read IP mode file for STMicroelectronics.FP-ATR-SIGFOX1.3.2.0
2025-07-25 02:45:34,576 [WARN] PackLoader:240 - Cannot read IP mode file for STMicroelectronics.X-CUBE-EEPRMA1.5.1.0
2025-07-25 02:45:34,585 [WARN] PackLoader:240 - Cannot read IP mode file for STMicroelectronics.X-CUBE-ST67W61.1.0.0
2025-07-25 02:45:34,623 [WARN] PackLoader:240 - Cannot read IP mode file for SEGGER.I-CUBE-embOS.1.3.1
2025-07-25 02:45:34,655 [WARN] PackLoader:240 - Cannot read IP mode file for STMicroelectronics.X-CUBE-ALGOBUILD.1.4.0
2025-07-25 02:45:34,674 [WARN] PackLoader:240 - Cannot read IP mode file for STMicroelectronics.X-CUBE-MEMS1.11.3.0
2025-07-25 02:45:34,720 [WARN] PackLoader:240 - Cannot read IP mode file for STMicroelectronics.X-CUBE-PM33A1.1.0.0
2025-07-25 02:45:34,727 [WARN] PackLoader:240 - Cannot read IP mode file for STMicroelectronics.X-CUBE-AZRTOS-F4.1.1.0
2025-07-25 02:45:34,730 [WARN] PackLoader:240 - Cannot read IP mode file for Avnet-IotConnect.X-CUBE-IoTC-DA16k-PMOD.1.0.0
2025-07-25 02:45:34,733 [WARN] PackLoader:240 - Cannot read IP mode file for STMicroelectronics.X-CUBE-ISPU.2.1.0
2025-07-25 02:45:34,736 [WARN] PackLoader:240 - Cannot read IP mode file for STMicroelectronics.X-CUBE-NFC12.1.0.0
2025-07-25 02:45:34,744 [WARN] PackLoader:240 - Cannot read IP mode file for STMicroelectronics.X-CUBE-AZRTOS-L5.2.0.0
2025-07-25 02:45:34,750 [WARN] PackLoader:240 - Cannot read IP mode file for STMicroelectronics.X-CUBE-NFC6.3.1.0
2025-07-25 02:45:34,754 [WARN] PackLoader:240 - Cannot read IP mode file for STMicroelectronics.X-CUBE-DPower.1.2.0
2025-07-25 02:45:34,758 [WARN] PackLoader:240 - Cannot read IP mode file for STMicroelectronics.X-CUBE-FREERTOS.1.3.1
2025-07-25 02:45:34,760 [WARN] PackLoader:240 - Cannot read IP mode file for STMicroelectronics.X-CUBE-FREERTOS.1.3.0
2025-07-25 02:45:34,763 [WARN] PackLoader:240 - Cannot read IP mode file for STMicroelectronics.X-CUBE-NFC7.1.0.1
2025-07-25 02:45:34,767 [WARN] PackLoader:240 - Cannot read IP mode file for STMicroelectronics.FP-SNS-STAIOTCFT.1.0.0
2025-07-25 02:45:34,770 [WARN] PackLoader:240 - Cannot read IP mode file for STMicroelectronics.X-CUBE-DPower.1.3.0
2025-07-25 02:45:34,779 [WARN] ConditionMgr:438 - getConditionDescription Invalid condition id : LAN8742 Phy interface Condition cause : null
2025-07-25 02:45:34,779 [WARN] PackLoader:240 - Cannot read IP mode file for STMicroelectronics.X-CUBE-AZRTOS-L4.2.0.0
2025-07-25 02:45:34,779 [WARN] ConditionMgr:1044 - genDependencies : Invalid condition id : LAN8742 Phy interface Condition cause : null
2025-07-25 02:45:34,780 [WARN] ConditionMgr:1044 - genDependencies : Invalid condition id : LAN8742 Phy interface Condition cause : null
2025-07-25 02:45:34,780 [WARN] ConditionMgr:1044 - genDependencies : Invalid condition id : LAN8742 Phy interface Condition cause : null
2025-07-25 02:45:34,786 [WARN] PackLoader:240 - Cannot read IP mode file for STMicroelectronics.X-CUBE-SFXS2LP1.4.0.0
2025-07-25 02:45:34,797 [WARN] PackLoader:240 - Cannot read IP mode file for STMicroelectronics.X-CUBE-AZRTOS-H7.3.3.0
2025-07-25 02:45:34,804 [WARN] PackLoader:240 - Cannot read IP mode file for STMicroelectronics.X-CUBE-BLEMGR.4.1.0
2025-07-25 02:45:34,813 [WARN] ConditionMgr:438 - getConditionDescription Invalid condition id : UX DEVICE CLASS RTOS Condition cause : null
2025-07-25 02:45:34,813 [WARN] ConditionMgr:438 - getConditionDescription Invalid condition id : UX DEVICE CLASS RTOS Condition cause : null
2025-07-25 02:45:34,814 [WARN] PackLoader:240 - Cannot read IP mode file for STMicroelectronics.X-CUBE-AZRTOS-WB.2.0.0
2025-07-25 02:45:34,815 [WARN] ConditionMgr:1044 - genDependencies : Invalid condition id : UX DEVICE CLASS RTOS Condition cause : null
2025-07-25 02:45:34,815 [WARN] ConditionMgr:1044 - genDependencies : Invalid condition id : UX DEVICE CLASS RTOS Condition cause : null
2025-07-25 02:45:34,815 [WARN] ConditionMgr:1044 - genDependencies : Invalid condition id : UX DEVICE CLASS RTOS Condition cause : null
2025-07-25 02:45:34,815 [WARN] ConditionMgr:1044 - genDependencies : Invalid condition id : UX DEVICE CLASS RTOS Condition cause : null
2025-07-25 02:45:34,815 [WARN] ConditionMgr:1044 - genDependencies : Invalid condition id : UX DEVICE CLASS RTOS Condition cause : null
2025-07-25 02:45:34,819 [WARN] PackLoader:240 - Cannot read IP mode file for STMicroelectronics.X-CUBE-GNSS1.7.0.1
2025-07-25 02:45:34,823 [WARN] PackLoader:240 - Cannot read IP mode file for STMicroelectronics.FP-SNS-STBOX1.2.0.0
2025-07-25 02:45:34,829 [WARN] PackLoader:240 - Cannot read IP mode file for STMicroelectronics.X-CUBE-SUBG2.5.0.0
2025-07-25 02:45:34,841 [WARN] PackLoader:240 - Cannot read IP mode file for STMicroelectronics.X-CUBE-AZRTOS-H7RS.1.1.0
2025-07-25 02:45:34,845 [WARN] PackLoader:240 - Cannot read IP mode file for Cesanta.I-CUBE-Mongoose.7.13.0
2025-07-25 02:45:34,852 [WARN] PackLoader:240 - Cannot read IP mode file for STMicroelectronics.X-CUBE-AZRTOS-G4.2.0.0
2025-07-25 02:45:34,855 [WARN] PackLoader:240 - Cannot read IP mode file for STMicroelectronics.X-CUBE-NFC7.2.0.0
2025-07-25 02:45:34,861 [WARN] PackLoader:240 - Cannot read IP mode file for STMicroelectronics.X-CUBE-IPS.3.1.0
2025-07-25 02:45:34,866 [WARN] PackLoader:240 - Cannot read IP mode file for STMicroelectronics.X-CUBE-ALS.1.0.2
2025-07-25 02:45:34,871 [WARN] PackLoader:240 - Cannot read IP mode file for portGmbH.I-Cube-SoM-uGOAL.1.1.0
2025-07-25 02:45:34,886 [WARN] PackLoader:240 - Cannot read IP mode file for STMicroelectronics.X-CUBE-AZRTOS-H7RS.1.0.0
2025-07-25 02:45:34,899 [WARN] PackLoader:240 - Cannot read IP mode file for STMicroelectronics.X-CUBE-TOF1.3.4.2
2025-07-25 02:45:34,908 [WARN] PackLoader:240 - Cannot read IP mode file for STMicroelectronics.X-CUBE-TOF1.3.4.3
2025-07-25 02:45:34,912 [INFO] ThirdParty:978 - Integrity check success = true
2025-07-25 02:45:34,912 [INFO] IntegrityCheckThread:100 - exiting critical section [integrity check]
2025-07-25 02:45:34,912 [INFO] IntegrityCheckThread:103 - End integrity checks thread
2025-07-25 04:17:01,864 [INFO] WebApp:194 - Connection lost
2025-07-25 04:17:02,146 [INFO] WebApp:191 - Connection restablished
2025-07-25 04:17:04,429 [INFO] WebApp:194 - Connection lost
2025-07-25 04:17:04,594 [INFO] WebApp:191 - Connection restablished
2025-07-25 04:17:12,124 [INFO] WebApp:194 - Connection lost
2025-07-25 04:17:12,313 [INFO] WebApp:191 - Connection restablished
2025-07-25 04:18:52,416 [INFO] WebApp:194 - Connection lost
2025-07-25 04:18:52,620 [INFO] WebApp:191 - Connection restablished
2025-07-25 13:33:23,859 [INFO] WebApp:194 - Connection lost
2025-07-25 13:34:35,251 [INFO] WebApp:191 - Connection restablished
2025-07-25 13:34:36,421 [INFO] WebApp:194 - Connection lost
2025-07-25 13:34:37,807 [INFO] WebApp:191 - Connection restablished
2025-07-25 13:34:55,416 [INFO] WebApp:194 - Connection lost
2025-07-25 13:34:55,633 [INFO] WebApp:191 - Connection restablished
2025-07-25 13:35:07,425 [INFO] WebApp:194 - Connection lost
2025-07-25 13:35:07,560 [INFO] WebApp:191 - Connection restablished
2025-07-25 13:35:39,415 [INFO] WebApp:194 - Connection lost
2025-07-25 13:35:39,581 [INFO] WebApp:191 - Connection restablished
2025-07-25 13:41:34,946 [INFO] WebApp:194 - Connection lost
2025-07-25 13:41:35,212 [INFO] WebApp:191 - Connection restablished
2025-07-25 13:41:48,928 [INFO] WebApp:194 - Connection lost
2025-07-25 13:41:49,053 [INFO] WebApp:191 - Connection restablished
2025-07-25 13:51:19,447 [INFO] WebApp:194 - Connection lost
2025-07-25 13:51:19,730 [INFO] WebApp:191 - Connection restablished
2025-07-25 13:51:50,429 [INFO] WebApp:194 - Connection lost
2025-07-25 13:51:50,688 [INFO] WebApp:191 - Connection restablished
2025-07-25 14:48:45,933 [INFO] WebApp:194 - Connection lost
2025-07-25 14:48:56,590 [INFO] WebApp:191 - Connection restablished
2025-07-25 14:49:26,427 [INFO] WebApp:194 - Connection lost
2025-07-25 14:49:26,549 [INFO] WebApp:191 - Connection restablished
2025-07-25 14:49:57,441 [INFO] WebApp:194 - Connection lost
2025-07-25 14:49:57,560 [INFO] WebApp:191 - Connection restablished
2025-07-25 14:50:39,929 [INFO] WebApp:194 - Connection lost
2025-07-25 14:50:40,066 [INFO] WebApp:191 - Connection restablished
2025-07-25 14:56:21,412 [INFO] WebApp:194 - Connection lost
2025-07-25 14:56:21,727 [INFO] WebApp:191 - Connection restablished
2025-07-25 17:20:54,944 [INFO] WebApp:194 - Connection lost
2025-07-25 17:21:03,345 [INFO] WebApp:191 - Connection restablished
2025-07-25 17:21:04,955 [INFO] WebApp:194 - Connection lost
2025-07-25 17:21:05,182 [INFO] WebApp:191 - Connection restablished
2025-07-25 17:21:37,931 [INFO] WebApp:194 - Connection lost
2025-07-25 17:21:38,720 [INFO] WebApp:191 - Connection restablished
2025-07-25 17:22:08,452 [INFO] WebApp:194 - Connection lost
2025-07-25 17:22:08,736 [INFO] WebApp:191 - Connection restablished
2025-07-25 17:22:49,425 [INFO] WebApp:194 - Connection lost
2025-07-25 17:22:49,743 [INFO] WebApp:191 - Connection restablished
2025-07-25 17:35:29,423 [INFO] WebApp:194 - Connection lost
2025-07-25 17:35:29,650 [INFO] WebApp:191 - Connection restablished
2025-07-25 18:40:58,423 [INFO] WebApp:194 - Connection lost
2025-07-25 18:40:58,676 [INFO] WebApp:191 - Connection restablished
2025-07-25 18:53:12,323 [ERROR] LogOutputStream:75 - [STDERR_REDIRECT] 
