2025-07-23 18:29:15,030 [ERROR] LogOutputStream:75 - [STDERR_REDIRECT] 
2025-07-23 23:54:25,103 [INFO] Activator:176 - 


2025-07-23 23:54:25,103 [INFO] Activator:177 - !SESSION log4j initialized
2025-07-23 23:54:29,343 [INFO] LogOutputStream:77 - [STDOUT_REDIRECT] 
2025-07-23 23:54:30,687 [INFO] ApplicationProperties:184 - Using Application install path: C:\ST\STM32CubeIDE_1.18.0\STM32CubeIDE\plugins\com.st.stm32cube.common.mx_6.15.0.202507011659
2025-07-23 23:54:30,702 [INFO] DbMcusXml:78 - Set database path to: C:\ST\STM32CubeIDE_1.18.0\STM32CubeIDE\plugins\com.st.stm32cube.common.mx_6.15.0.202507011659\\db\/mcu/
2025-07-23 23:54:30,702 [INFO] ApiDb:274 - Set plugin database path to: C:\ST\STM32CubeIDE_1.18.0\STM32CubeIDE\plugins\com.st.stm32cube.common.mx_6.15.0.202507011659\\db\/plugins/boardmanager/
2025-07-23 23:54:30,703 [WARN] ApiDb:259 - Overriding images path with different value:  => C:\ST\STM32CubeIDE_1.18.0\STM32CubeIDE\plugins\com.st.stm32cube.common.mx_6.15.0.202507011659\\db\/plugins/mcufinder/images/
2025-07-23 23:54:30,713 [INFO] ApiDb:250 - Set database path to: C:\Users\Admin\.stmcufinder\plugins\mcufinder//mcu/
2025-07-23 23:54:30,714 [INFO] DbMcusAds:125 - Set database path to: C:\Users\Admin\.stmcufinder\plugins\mcufinder//mcu/
2025-07-23 23:54:30,716 [INFO] CrossReferenceDbSqlite:203 - Set database path to: C:\Users\Admin\.stmcufinder\plugins\mcufinder//mcu/cs/
2025-07-23 23:54:30,831 [INFO] RulesReader:64 - Compatibility file has been processed (317 Rules)
2025-07-23 23:54:30,919 [INFO] DbMcusXml:78 - Set database path to: C:\ST\STM32CubeIDE_1.18.0\STM32CubeIDE\plugins\com.st.stm32cube.common.mx_6.15.0.202507011659\\db\/mcu/
2025-07-23 23:54:30,919 [INFO] ApiDb:274 - Set plugin database path to: C:\ST\STM32CubeIDE_1.18.0\STM32CubeIDE\plugins\com.st.stm32cube.common.mx_6.15.0.202507011659\\db\/plugins/boardmanager/
2025-07-23 23:54:30,919 [INFO] ApiDb:261 - Set plugin images path to: C:\ST\STM32CubeIDE_1.18.0\STM32CubeIDE\plugins\com.st.stm32cube.common.mx_6.15.0.202507011659\\db\/plugins/mcufinder/images/
2025-07-23 23:54:30,919 [WARN] DbFile:41 - Overriding database path with different value: C:\Users\Admin\.stmcufinder\plugins\mcufinder/ => C:\Users\Admin\.stmcufinder\plugins\mcufinder
2025-07-23 23:54:30,920 [INFO] ApiDb:250 - Set database path to: C:\Users\Admin\.stmcufinder\plugins\mcufinder//mcu/
2025-07-23 23:54:30,920 [WARN] DbFile:41 - Overriding database path with different value: C:\Users\Admin\.stmcufinder\plugins\mcufinder/ => C:\Users\Admin\.stmcufinder\plugins\mcufinder
2025-07-23 23:54:30,920 [INFO] DbMcusAds:125 - Set database path to: C:\Users\Admin\.stmcufinder\plugins\mcufinder//mcu/
2025-07-23 23:54:30,920 [WARN] DbFile:41 - Overriding database path with different value: C:\Users\Admin\.stmcufinder\plugins\mcufinder/ => C:\Users\Admin\.stmcufinder\plugins\mcufinder
2025-07-23 23:54:30,920 [WARN] DbFile:41 - Overriding database path with different value: C:\Users\Admin\.stmcufinder\plugins\mcufinder/ => C:\Users\Admin\.stmcufinder\plugins\mcufinder
2025-07-23 23:54:30,920 [INFO] CrossReferenceDbSqlite:203 - Set database path to: C:\Users\Admin\.stmcufinder\plugins\mcufinder//mcu/cs/
2025-07-23 23:54:30,984 [INFO] MainPanel:274 - HeapMemory: 268435456
2025-07-23 23:54:31,078 [INFO] DbMcusXml:78 - Set database path to: C:\ST\STM32CubeIDE_1.18.0\STM32CubeIDE\plugins\com.st.stm32cube.common.mx_6.15.0.202507011659\\db\/mcu/
2025-07-23 23:54:31,078 [INFO] ApiDb:274 - Set plugin database path to: C:\ST\STM32CubeIDE_1.18.0\STM32CubeIDE\plugins\com.st.stm32cube.common.mx_6.15.0.202507011659\\db\/plugins/boardmanager/
2025-07-23 23:54:31,078 [INFO] ApiDb:261 - Set plugin images path to: C:\ST\STM32CubeIDE_1.18.0\STM32CubeIDE\plugins\com.st.stm32cube.common.mx_6.15.0.202507011659\\db\/plugins/mcufinder/images/
2025-07-23 23:54:31,078 [WARN] DbFile:41 - Overriding database path with different value: C:\Users\Admin\.stmcufinder\plugins\mcufinder/ => C:\Users\Admin\.stmcufinder\plugins\mcufinder
2025-07-23 23:54:31,078 [INFO] ApiDb:250 - Set database path to: C:\Users\Admin\.stmcufinder\plugins\mcufinder//mcu/
2025-07-23 23:54:31,079 [WARN] DbFile:41 - Overriding database path with different value: C:\Users\Admin\.stmcufinder\plugins\mcufinder/ => C:\Users\Admin\.stmcufinder\plugins\mcufinder
2025-07-23 23:54:31,079 [INFO] DbMcusAds:125 - Set database path to: C:\Users\Admin\.stmcufinder\plugins\mcufinder//mcu/
2025-07-23 23:54:31,079 [WARN] DbFile:41 - Overriding database path with different value: C:\Users\Admin\.stmcufinder\plugins\mcufinder/ => C:\Users\Admin\.stmcufinder\plugins\mcufinder
2025-07-23 23:54:31,079 [WARN] DbFile:41 - Overriding database path with different value: C:\Users\Admin\.stmcufinder\plugins\mcufinder/ => C:\Users\Admin\.stmcufinder\plugins\mcufinder
2025-07-23 23:54:31,079 [INFO] CrossReferenceDbSqlite:203 - Set database path to: C:\Users\Admin\.stmcufinder\plugins\mcufinder//mcu/cs/
2025-07-23 23:54:31,093 [INFO] ApplicationProperties:184 - Using Application install path: C:\ST\STM32CubeIDE_1.18.0\STM32CubeIDE\plugins\com.st.stm32cube.common.mx_6.15.0.202507011659
2025-07-23 23:54:31,095 [INFO] PluginManage:196 - Search for loadable plugins [exclusion list=, ]
2025-07-23 23:54:31,096 [INFO] PluginManage:310 - Check plugin analytics
2025-07-23 23:54:31,225 [INFO] AnalyticsPlugin:253 - Accepted Software Licenses: 
2025-07-23 23:54:31,226 [INFO] AnalyticsPlugin:255 - Accepted CMSIS Pack Licenses: 
2025-07-23 23:54:31,226 [INFO] AnalyticsPlugin:257 - Accepted Firmware Licenses: FW.F4.1.28.0
2025-07-23 23:54:31,228 [INFO] PluginManage:359 - Loaded plugin analytics (category:tool,tabindex:-1)
2025-07-23 23:54:31,228 [INFO] PluginManage:310 - Check plugin cadmodel
2025-07-23 23:54:31,244 [INFO] CADModel:105 - Init CAD model plugin
2025-07-23 23:54:31,244 [INFO] PluginManage:359 - Loaded plugin cadmodel (category:power,tabindex:5)
2025-07-23 23:54:31,245 [INFO] PluginManage:310 - Check plugin clock
2025-07-23 23:54:31,262 [INFO] PluginManage:359 - Loaded plugin clock (category:base,tabindex:2)
2025-07-23 23:54:31,262 [INFO] PluginManage:310 - Check plugin ddr
2025-07-23 23:54:31,265 [INFO] PluginManage:359 - Loaded plugin ddr (category:tool,tabindex:6)
2025-07-23 23:54:31,265 [INFO] PluginManage:310 - Check plugin filemanager
2025-07-23 23:54:31,379 [INFO] PluginManage:359 - Loaded plugin filemanager (category:base,tabindex:10)
2025-07-23 23:54:31,380 [INFO] PluginManage:310 - Check plugin ipmanager
2025-07-23 23:54:31,386 [INFO] PluginManage:359 - Loaded plugin ipmanager (category:base,tabindex:5)
2025-07-23 23:54:31,386 [INFO] PluginManage:310 - Check plugin lpbam
2025-07-23 23:54:31,403 [INFO] PluginManage:359 - Loaded plugin lpbam (category:base,tabindex:0)
2025-07-23 23:54:31,403 [INFO] PluginManage:310 - Check plugin memorymap
2025-07-23 23:54:31,422 [INFO] PluginManage:359 - Loaded plugin memorymap (category:base,tabindex:4)
2025-07-23 23:54:31,422 [INFO] PluginManage:310 - Check plugin pinoutandconfiguration
2025-07-23 23:54:31,437 [INFO] PluginManage:359 - Loaded plugin pinoutandconfiguration (category:base,tabindex:1)
2025-07-23 23:54:31,437 [INFO] PluginManage:310 - Check plugin pinoutconfig
2025-07-23 23:54:31,505 [WARN] SupportedApi:132 - Cannot load RTOS API schema: s4s-elt-must-match.1: The content of 'definitions' must match (annotation?, (simpleType | complexType)?, (unique | key | keyref)*)). A problem was found starting at: attribute.
2025-07-23 23:54:31,601 [INFO] PluginManage:359 - Loaded plugin pinoutconfig (category:base,tabindex:0)
2025-07-23 23:54:31,602 [INFO] PluginManage:310 - Check plugin power
2025-07-23 23:54:31,619 [INFO] PluginManage:359 - Loaded plugin power (category:power,tabindex:4)
2025-07-23 23:54:31,619 [INFO] PluginManage:310 - Check plugin projectmanager
2025-07-23 23:54:31,634 [INFO] PluginManage:359 - Loaded plugin projectmanager (category:projectmanager,tabindex:4)
2025-07-23 23:54:31,634 [INFO] PluginManage:310 - Check plugin rif
2025-07-23 23:54:31,653 [INFO] PluginManage:359 - Loaded plugin rif (category:base,tabindex:3)
2025-07-23 23:54:31,653 [INFO] PluginManage:310 - Check plugin thirdparty
2025-07-23 23:54:31,886 [INFO] PluginManage:359 - Loaded plugin thirdparty (category:base,tabindex:-1)
2025-07-23 23:54:31,886 [INFO] PluginManage:310 - Check plugin tools
2025-07-23 23:54:31,886 [WARN] IntegrityCheckThread:84 - waiting for thirdparty lock release [integrity check]
2025-07-23 23:54:31,886 [INFO] IntegrityCheckThread:86 - entering critical section [integrity check]
2025-07-23 23:54:31,886 [INFO] ThirdPartyUpdaterWithRetryManager:70 - Updater plugin not ready yet. [1/15]
2025-07-23 23:54:31,919 [INFO] PluginManage:359 - Loaded plugin tools (category:base,tabindex:7)
2025-07-23 23:54:31,920 [INFO] PluginManage:310 - Check plugin tutovideos
2025-07-23 23:54:32,092 [INFO] PluginManage:359 - Loaded plugin tutovideos (category:base,tabindex:-1)
2025-07-23 23:54:32,092 [INFO] PluginManage:310 - Check plugin updater
2025-07-23 23:54:32,110 [INFO] PluginManage:359 - Loaded plugin updater (category:base,tabindex:12)
2025-07-23 23:54:32,110 [INFO] PluginManage:310 - Check plugin userauth
2025-07-23 23:54:32,113 [INFO] UserAuth:118 - Init User Auth plugin
2025-07-23 23:54:32,114 [INFO] PluginManage:359 - Loaded plugin userauth (category:base,tabindex:14)
2025-07-23 23:54:32,114 [INFO] PluginManage:283 - PluginManage : Loaded plugins [18]
2025-07-23 23:54:32,280 [INFO] PinOutPanel:1589 - setPackage(No Configuration,No Configuration)
2025-07-23 23:54:32,347 [INFO] CADModel:165 - CPN selected for project level
2025-07-23 23:54:32,347 [INFO] CADModel:114 - Register for checkConnection events
2025-07-23 23:54:32,377 [INFO] IPUIPlugin:80 - create IPUIPlugin
2025-07-23 23:54:32,377 [INFO] PluginManager:220 - loadIPPluginJar : add adc
2025-07-23 23:54:32,419 [INFO] IPUIPlugin:80 - create IPUIPlugin
2025-07-23 23:54:32,419 [INFO] PluginManager:220 - loadIPPluginJar : add aes
2025-07-23 23:54:32,461 [INFO] IPUIPlugin:80 - create IPUIPlugin
2025-07-23 23:54:32,462 [INFO] PluginManager:220 - loadIPPluginJar : add can
2025-07-23 23:54:32,486 [INFO] IPUIPlugin:80 - create IPUIPlugin
2025-07-23 23:54:32,486 [INFO] PluginManager:220 - loadIPPluginJar : add comp
2025-07-23 23:54:32,514 [INFO] IPUIPlugin:80 - create IPUIPlugin
2025-07-23 23:54:32,515 [INFO] PluginManager:220 - loadIPPluginJar : add cryp
2025-07-23 23:54:32,527 [INFO] IPUIPlugin:80 - create IPUIPlugin
2025-07-23 23:54:32,527 [INFO] PluginManager:220 - loadIPPluginJar : add ddr_ctrl_phy
2025-07-23 23:54:32,552 [INFO] IPUIPlugin:80 - create IPUIPlugin
2025-07-23 23:54:32,552 [INFO] PluginManager:220 - loadIPPluginJar : add dfsdm
2025-07-23 23:54:32,565 [INFO] IPUIPlugin:80 - create IPUIPlugin
2025-07-23 23:54:32,566 [INFO] PluginManager:220 - loadIPPluginJar : add dma
2025-07-23 23:54:32,598 [INFO] IPUIPlugin:80 - create IPUIPlugin
2025-07-23 23:54:32,598 [INFO] PluginManager:220 - loadIPPluginJar : add dma3
2025-07-23 23:54:32,634 [INFO] IPUIPlugin:80 - create IPUIPlugin
2025-07-23 23:54:32,634 [INFO] PluginManager:220 - loadIPPluginJar : add extmemmanager
2025-07-23 23:54:32,653 [INFO] IPUIPlugin:80 - create IPUIPlugin
2025-07-23 23:54:32,653 [INFO] PluginManager:220 - loadIPPluginJar : add fatfs
2025-07-23 23:54:32,690 [INFO] IPUIPlugin:80 - create IPUIPlugin
2025-07-23 23:54:32,690 [INFO] PluginManager:220 - loadIPPluginJar : add fmc
2025-07-23 23:54:32,705 [INFO] IPUIPlugin:80 - create IPUIPlugin
2025-07-23 23:54:32,705 [INFO] PluginManager:220 - loadIPPluginJar : add freertos
2025-07-23 23:54:32,722 [INFO] IPUIPlugin:80 - create IPUIPlugin
2025-07-23 23:54:32,722 [INFO] PluginManager:220 - loadIPPluginJar : add genericplugin
2025-07-23 23:54:32,791 [INFO] IPUIPlugin:80 - create IPUIPlugin
2025-07-23 23:54:32,791 [INFO] PluginManager:220 - loadIPPluginJar : add gfxmmu
2025-07-23 23:54:32,889 [INFO] IPUIPlugin:80 - create IPUIPlugin
2025-07-23 23:54:32,890 [INFO] PluginManager:220 - loadIPPluginJar : add gic
2025-07-23 23:54:32,902 [INFO] IPUIPlugin:80 - create IPUIPlugin
2025-07-23 23:54:32,902 [INFO] PluginManager:220 - loadIPPluginJar : add gpio
2025-07-23 23:54:32,970 [INFO] IPUIPlugin:80 - create IPUIPlugin
2025-07-23 23:54:32,970 [INFO] PluginManager:220 - loadIPPluginJar : add gtzc
2025-07-23 23:54:32,996 [INFO] IPUIPlugin:80 - create IPUIPlugin
2025-07-23 23:54:32,997 [INFO] PluginManager:220 - loadIPPluginJar : add hash
2025-07-23 23:54:33,037 [INFO] IPUIPlugin:80 - create IPUIPlugin
2025-07-23 23:54:33,037 [INFO] PluginManager:220 - loadIPPluginJar : add i2c
2025-07-23 23:54:33,077 [INFO] IPUIPlugin:80 - create IPUIPlugin
2025-07-23 23:54:33,077 [INFO] PluginManager:220 - loadIPPluginJar : add i2s
2025-07-23 23:54:33,114 [INFO] IPUIPlugin:80 - create IPUIPlugin
2025-07-23 23:54:33,114 [INFO] PluginManager:220 - loadIPPluginJar : add i3c
2025-07-23 23:54:33,186 [INFO] IPUIPlugin:80 - create IPUIPlugin
2025-07-23 23:54:33,186 [INFO] PluginManager:220 - loadIPPluginJar : add ipddr
2025-07-23 23:54:33,253 [INFO] IPUIPlugin:80 - create IPUIPlugin
2025-07-23 23:54:33,254 [INFO] PluginManager:220 - loadIPPluginJar : add linkedlist
2025-07-23 23:54:33,284 [INFO] IPUIPlugin:80 - create IPUIPlugin
2025-07-23 23:54:33,285 [INFO] PluginManager:220 - loadIPPluginJar : add lorawan
2025-07-23 23:54:33,313 [INFO] IPUIPlugin:80 - create IPUIPlugin
2025-07-23 23:54:33,313 [INFO] PluginManager:220 - loadIPPluginJar : add ltdc
2025-07-23 23:54:33,327 [INFO] IPUIPlugin:80 - create IPUIPlugin
2025-07-23 23:54:33,327 [INFO] PluginManager:220 - loadIPPluginJar : add mdma
2025-07-23 23:54:33,338 [INFO] IPUIPlugin:80 - create IPUIPlugin
2025-07-23 23:54:33,338 [INFO] PluginManager:220 - loadIPPluginJar : add nvic
2025-07-23 23:54:33,373 [INFO] IPUIPlugin:80 - create IPUIPlugin
2025-07-23 23:54:33,374 [INFO] PluginManager:220 - loadIPPluginJar : add opamp
2025-07-23 23:54:33,431 [INFO] IPUIPlugin:80 - create IPUIPlugin
2025-07-23 23:54:33,431 [INFO] PluginManager:220 - loadIPPluginJar : add openamp
2025-07-23 23:54:33,466 [INFO] IPUIPlugin:80 - create IPUIPlugin
2025-07-23 23:54:33,466 [INFO] PluginManager:220 - loadIPPluginJar : add pdm2pcm
2025-07-23 23:54:33,481 [INFO] IPUIPlugin:80 - create IPUIPlugin
2025-07-23 23:54:33,483 [INFO] PluginManager:220 - loadIPPluginJar : add plateformsettings
2025-07-23 23:54:33,505 [INFO] IPUIPlugin:80 - create IPUIPlugin
2025-07-23 23:54:33,505 [INFO] PluginManager:220 - loadIPPluginJar : add quadspi
2025-07-23 23:54:33,528 [INFO] IPUIPlugin:80 - create IPUIPlugin
2025-07-23 23:54:33,529 [INFO] PluginManager:220 - loadIPPluginJar : add radio
2025-07-23 23:54:33,542 [INFO] IPUIPlugin:80 - create IPUIPlugin
2025-07-23 23:54:33,542 [INFO] PluginManager:220 - loadIPPluginJar : add resmgrutility
2025-07-23 23:54:33,581 [INFO] IPUIPlugin:80 - create IPUIPlugin
2025-07-23 23:54:33,581 [INFO] PluginManager:220 - loadIPPluginJar : add sai
2025-07-23 23:54:33,615 [INFO] IPUIPlugin:80 - create IPUIPlugin
2025-07-23 23:54:33,615 [INFO] PluginManager:220 - loadIPPluginJar : add spi
2025-07-23 23:54:33,672 [INFO] IPUIPlugin:80 - create IPUIPlugin
2025-07-23 23:54:33,673 [INFO] PluginManager:220 - loadIPPluginJar : add stm32_wpan
2025-07-23 23:54:33,694 [INFO] IPUIPlugin:80 - create IPUIPlugin
2025-07-23 23:54:33,694 [INFO] PluginManager:220 - loadIPPluginJar : add tim
2025-07-23 23:54:33,741 [INFO] IPUIPlugin:80 - create IPUIPlugin
2025-07-23 23:54:33,741 [INFO] PluginManager:220 - loadIPPluginJar : add touchsensing
2025-07-23 23:54:33,762 [INFO] IPUIPlugin:80 - create IPUIPlugin
2025-07-23 23:54:33,762 [INFO] PluginManager:220 - loadIPPluginJar : add tracer_emb
2025-07-23 23:54:33,784 [INFO] IPUIPlugin:80 - create IPUIPlugin
2025-07-23 23:54:33,784 [INFO] PluginManager:220 - loadIPPluginJar : add ts
2025-07-23 23:54:33,803 [INFO] IPUIPlugin:80 - create IPUIPlugin
2025-07-23 23:54:33,804 [INFO] PluginManager:220 - loadIPPluginJar : add tsc
2025-07-23 23:54:33,822 [INFO] IPUIPlugin:80 - create IPUIPlugin
2025-07-23 23:54:33,822 [INFO] PluginManager:220 - loadIPPluginJar : add ucpd
2025-07-23 23:54:33,856 [INFO] IPUIPlugin:80 - create IPUIPlugin
2025-07-23 23:54:33,856 [INFO] PluginManager:220 - loadIPPluginJar : add usart
2025-07-23 23:54:33,891 [INFO] IPUIPlugin:80 - create IPUIPlugin
2025-07-23 23:54:33,891 [INFO] PluginManager:220 - loadIPPluginJar : add usbx
2025-07-23 23:54:34,002 [FATAL] Updater:351 - Updater called before beeing initialized
2025-07-23 23:54:34,025 [INFO] RulesReader:64 - Compatibility file has been processed (317 Rules)
2025-07-23 23:54:34,035 [INFO] RulesReader:64 - Compatibility file has been processed (317 Rules)
2025-07-23 23:54:34,046 [INFO] CADModel:165 - CPN selected for project level
2025-07-23 23:54:34,046 [INFO] CADModel:114 - Register for checkConnection events
2025-07-23 23:54:34,046 [FATAL] Updater:351 - Updater called before beeing initialized
2025-07-23 23:54:34,046 [ERROR] CADModel:125 - Updater not yet initialized, retry later 
2025-07-23 23:54:34,169 [FATAL] Updater:351 - Updater called before beeing initialized
2025-07-23 23:54:34,171 [INFO] CADModel:165 - CPN selected for project level
2025-07-23 23:54:34,171 [INFO] CADModel:114 - Register for checkConnection events
2025-07-23 23:54:34,171 [FATAL] Updater:351 - Updater called before beeing initialized
2025-07-23 23:54:34,171 [ERROR] CADModel:125 - Updater not yet initialized, retry later 
2025-07-23 23:54:34,174 [FATAL] Updater:351 - Updater called before beeing initialized
2025-07-23 23:54:34,258 [FATAL] Updater:351 - Updater called before beeing initialized
2025-07-23 23:54:34,267 [INFO] DbMcusAds:53 - JSON generation date=Tue Jul 08 15:14:23 ICT 2025 (1751962463562)
2025-07-23 23:54:34,268 [FATAL] Updater:351 - Updater called before beeing initialized
2025-07-23 23:54:34,295 [WARN] DetailPanel:346 - Failed to get advertising image, set to default
2025-07-23 23:54:34,350 [FATAL] Updater:351 - Updater called before beeing initialized
2025-07-23 23:54:34,352 [FATAL] Updater:351 - Updater called before beeing initialized
2025-07-23 23:54:34,352 [FATAL] Updater:351 - Updater called before beeing initialized
2025-07-23 23:54:34,352 [WARN] DetailPanel:346 - Failed to get advertising image, set to default
2025-07-23 23:54:34,353 [FATAL] Updater:351 - Updater called before beeing initialized
2025-07-23 23:54:34,398 [ERROR] Updater:1198 - MainUpdater not yet initialized. External WinMGr cannot be set.
2025-07-23 23:54:34,405 [INFO] Updater:1134 - Updater Version found : 6.15.0
2025-07-23 23:54:34,421 [INFO] ApplicationProperties:184 - Using Application install path: C:\ST\STM32CubeIDE_1.18.0\STM32CubeIDE\plugins\com.st.stm32cube.common.mx_6.15.0.202507011659
2025-07-23 23:54:34,889 [INFO] ThirdPartyUpdaterWithRetryManager:70 - Updater plugin not ready yet. [2/15]
2025-07-23 23:54:34,891 [INFO] MainUpdater:2872 - connection check result : 10
2025-07-23 23:54:34,891 [INFO] MainUpdater:3604 - Updater definition file requires update
2025-07-23 23:54:34,892 [INFO] MainUpdater:289 - Updater Check For Update Now.
2025-07-23 23:54:34,892 [INFO] MicroXplorer:498 - Change Database Version : DB.6.0.150
2025-07-23 23:54:34,906 [INFO] McuFinderGlobals:63 - Set McuFinder mode to 2 (CubeIDE integrated)
2025-07-23 23:54:34,911 [INFO] UserAuth:487 - Internet connection configuration mode: 1
2025-07-23 23:54:34,935 [INFO] JxBrowserEngine:152 - Initiate JxBrowser Engine with user profile folder
2025-07-23 23:54:35,814 [INFO] WebApp:169 - Instantiating new browser for Auth
2025-07-23 23:54:36,278 [INFO] ServerAccessManage:452 - Complete download http(s) 200
2025-07-23 23:54:36,279 [INFO] ServerAccessManage:509 - Download File updaters.zip
2025-07-23 23:54:36,427 [INFO] FileExtend:248 - Unzip File : updaters.zip
2025-07-23 23:54:36,427 [INFO] WebApp:463 - Apply proxy settings
2025-07-23 23:54:36,427 [INFO] FileExtend:263 - Standard Zip Deflate
2025-07-23 23:54:36,427 [INFO] WebApp:548 - Chromium requires no authentication
2025-07-23 23:54:36,473 [INFO] WebApp:491 - Direct internet connection detected
2025-07-23 23:54:36,539 [INFO] WebApp:900 - Register for checkConnection events
2025-07-23 23:54:36,540 [INFO] WebApp:463 - Apply proxy settings
2025-07-23 23:54:36,540 [INFO] WebApp:548 - Chromium requires no authentication
2025-07-23 23:54:36,543 [INFO] WebApp:491 - Direct internet connection detected
2025-07-23 23:54:36,775 [INFO] WebApp:191 - Connection restablished
2025-07-23 23:54:36,926 [INFO] WebApp:225 - Starting web application
2025-07-23 23:54:36,927 [INFO] WebApp:593 - Web application path used C:\ST\STM32CubeIDE_1.18.0\STM32CubeIDE\plugins\com.st.stm32cube.common.mx_6.15.0.202507011659\db\plugins\mcufinder\reactClient1\index.html
2025-07-23 23:54:37,108 [INFO] UserAuth:487 - Internet connection configuration mode: 1
2025-07-23 23:54:37,839 [INFO] ServerAccessManage:452 - Complete download http(s) 200
2025-07-23 23:54:37,840 [INFO] ServerAccessManage:509 - Download File PacksControlFlags.xml
2025-07-23 23:54:37,890 [WARN] MainUpdater:1193 - Updater busy. Cannot search thirdparties
2025-07-23 23:54:37,890 [INFO] ThirdPartyUpdaterWithRetryManager:96 - Updater plugin is busy. [1/15]
2025-07-23 23:54:37,959 [INFO] ServerAccessManage:452 - Complete download http(s) 200
2025-07-23 23:54:37,959 [INFO] ServerAccessManage:509 - Download File cubemx.pidx
2025-07-23 23:54:38,043 [INFO] LoadServerUpdatesThread:375 - End of LoadServerUpdate Thread
2025-07-23 23:54:38,185 [INFO] CheckServerUpdateThread:120 - End of CheckServer Thread
2025-07-23 23:54:41,050 [WARN] PackLoader:240 - Cannot read IP mode file for STMicroelectronics.FP-SNS-MOTENVWB1.1.4.0
2025-07-23 23:54:41,066 [WARN] PackLoader:240 - Cannot read IP mode file for STMicroelectronics.X-CUBE-SMBUS.2.1.0
2025-07-23 23:54:41,081 [WARN] PackLoader:240 - Cannot read IP mode file for STMicroelectronics.X-CUBE-WB05N.1.1.0
2025-07-23 23:54:41,093 [WARN] PackLoader:240 - Cannot read IP mode file for STMicroelectronics.X-CUBE-ST60.1.0.0
2025-07-23 23:54:41,123 [WARN] PackLoader:240 - Cannot read IP mode file for STMicroelectronics.X-CUBE-AZRTOS-F7.1.1.0
2025-07-23 23:54:41,151 [WARN] PackLoader:240 - Cannot read IP mode file for STMicroelectronics.X-CUBE-AZRTOS-H7.3.4.0
2025-07-23 23:54:41,169 [WARN] PackLoader:240 - Cannot read IP mode file for STMicroelectronics.X-CUBE-DISPLAY.3.0.0
2025-07-23 23:54:41,184 [WARN] PackLoader:240 - Cannot read IP mode file for STMicroelectronics.X-CUBE-NFC10.1.0.0
2025-07-23 23:54:41,200 [WARN] PackLoader:240 - Cannot read IP mode file for STMicroelectronics.X-CUBE-BLEMGR.4.0.0
2025-07-23 23:54:41,213 [WARN] ConditionMgr:438 - getConditionDescription Invalid condition id : Cortex-A Device cause : null
2025-07-23 23:54:41,229 [WARN] ConditionMgr:1044 - genDependencies : Invalid condition id : Cortex-A Device cause : null
2025-07-23 23:54:41,229 [WARN] ConditionMgr:1044 - genDependencies : Invalid condition id : Cortex-A Device cause : null
2025-07-23 23:54:41,229 [WARN] ConditionMgr:1044 - genDependencies : Invalid condition id : Cortex-A Device cause : null
2025-07-23 23:54:41,241 [WARN] PackLoader:240 - Cannot read IP mode file for STMicroelectronics.X-CUBE-AI.10.0.0
2025-07-23 23:54:41,253 [WARN] PackLoader:240 - Cannot read IP mode file for STMicroelectronics.FP-SNS-SMARTAG2.1.2.0
2025-07-23 23:54:41,287 [WARN] PackLoader:240 - Cannot read IP mode file for STMicroelectronics.X-CUBE-MEMS1.11.1.0
2025-07-23 23:54:41,384 [INFO] LogOutputStream:77 - [STDOUT_REDIRECT] 1 : Invalid condition id : UX_CORESTACK_Condition cause : null
2025-07-23 23:54:41,384 [INFO] LogOutputStream:77 - [STDOUT_REDIRECT] 1 : Invalid condition id : UX_CORESTACK_Condition cause : null
2025-07-23 23:54:41,385 [INFO] LogOutputStream:77 - [STDOUT_REDIRECT] 1 : Invalid condition id : UX_CORESTACK_Condition cause : null
2025-07-23 23:54:41,387 [INFO] LogOutputStream:77 - [STDOUT_REDIRECT] 1 : Invalid condition id : UX_CORESTACK_Condition cause : null
2025-07-23 23:54:41,388 [INFO] LogOutputStream:77 - [STDOUT_REDIRECT] 1 : Invalid condition id : UX_CORESTACK_Condition cause : null
2025-07-23 23:54:41,389 [WARN] PackLoader:240 - Cannot read IP mode file for STMicroelectronics.X-CUBE-AZRTOS-WL.2.0.0
2025-07-23 23:54:41,401 [WARN] PackLoader:240 - Cannot read IP mode file for STMicroelectronics.FP-SNS-MOTENV1.5.0.0
2025-07-23 23:54:41,415 [WARN] PackLoader:240 - Cannot read IP mode file for WES.I-CUBE-Cesium.1.3.0
2025-07-23 23:54:41,428 [WARN] PackLoader:240 - Cannot read IP mode file for STMicroelectronics.X-CUBE-BLE2.3.3.0
2025-07-23 23:54:41,441 [WARN] PackLoader:240 - Cannot read IP mode file for STMicroelectronics.X-CUBE-NFC9.1.0.0
2025-07-23 23:54:41,454 [WARN] PackLoader:240 - Cannot read IP mode file for STMicroelectronics.X-CUBE-EEPRMA1.5.2.0
2025-07-23 23:54:41,467 [WARN] PackLoader:240 - Cannot read IP mode file for STMicroelectronics.X-CUBE-AI.10.1.0
2025-07-23 23:54:41,498 [WARN] PackLoader:240 - Cannot read IP mode file for STMicroelectronics.X-CUBE-MEMS1.11.2.0
2025-07-23 23:54:41,568 [WARN] PackLoader:240 - Cannot read IP mode file for STMicroelectronics.X-CUBE-AZRTOS-G0.1.1.0
2025-07-23 23:54:41,582 [WARN] PackLoader:240 - Cannot read IP mode file for STMicroelectronics.X-CUBE-SAFEA1.1.2.2
2025-07-23 23:54:41,595 [WARN] PackLoader:240 - Cannot read IP mode file for STMicroelectronics.X-CUBE-NFC4.3.0.0
2025-07-23 23:54:41,609 [WARN] PackLoader:240 - Cannot read IP mode file for EmbeddedOffice.I-CUBE-FS-RTOS.1.0.1
2025-07-23 23:54:41,623 [WARN] PackLoader:240 - Cannot read IP mode file for STMicroelectronics.X-CUBE-WB05N.2.0.0
2025-07-23 23:54:41,635 [WARN] PackLoader:240 - Cannot read IP mode file for STMicroelectronics.X-CUBE-TCPP.4.2.0
2025-07-23 23:54:41,647 [WARN] PackLoader:240 - Cannot read IP mode file for RealThread.X-CUBE-RT-Thread_Nano.4.1.1
2025-07-23 23:54:41,659 [WARN] PackLoader:240 - Cannot read IP mode file for STMicroelectronics.FP-ATR-SIGFOX1.3.2.0
2025-07-23 23:54:41,673 [WARN] PackLoader:240 - Cannot read IP mode file for STMicroelectronics.X-CUBE-EEPRMA1.5.1.0
2025-07-23 23:54:41,687 [WARN] PackLoader:240 - Cannot read IP mode file for STMicroelectronics.X-CUBE-ST67W61.1.0.0
2025-07-23 23:54:41,708 [WARN] PackLoader:240 - Cannot read IP mode file for SEGGER.I-CUBE-embOS.1.3.1
2025-07-23 23:54:41,737 [WARN] PackLoader:240 - Cannot read IP mode file for STMicroelectronics.X-CUBE-ALGOBUILD.1.4.0
2025-07-23 23:54:41,768 [WARN] PackLoader:240 - Cannot read IP mode file for STMicroelectronics.X-CUBE-MEMS1.11.3.0
2025-07-23 23:54:41,827 [WARN] PackLoader:240 - Cannot read IP mode file for STMicroelectronics.X-CUBE-PM33A1.1.0.0
2025-07-23 23:54:41,848 [WARN] PackLoader:240 - Cannot read IP mode file for STMicroelectronics.X-CUBE-AZRTOS-F4.1.1.0
2025-07-23 23:54:41,862 [WARN] PackLoader:240 - Cannot read IP mode file for Avnet-IotConnect.X-CUBE-IoTC-DA16k-PMOD.1.0.0
2025-07-23 23:54:41,874 [WARN] PackLoader:240 - Cannot read IP mode file for STMicroelectronics.X-CUBE-ISPU.2.1.0
2025-07-23 23:54:41,886 [WARN] PackLoader:240 - Cannot read IP mode file for STMicroelectronics.X-CUBE-NFC12.1.0.0
2025-07-23 23:54:41,906 [WARN] PackLoader:240 - Cannot read IP mode file for STMicroelectronics.X-CUBE-AZRTOS-L5.2.0.0
2025-07-23 23:54:41,919 [WARN] PackLoader:240 - Cannot read IP mode file for STMicroelectronics.X-CUBE-NFC6.3.1.0
2025-07-23 23:54:41,931 [WARN] PackLoader:240 - Cannot read IP mode file for STMicroelectronics.X-CUBE-DPower.1.2.0
2025-07-23 23:54:41,943 [WARN] PackLoader:240 - Cannot read IP mode file for STMicroelectronics.X-CUBE-FREERTOS.1.3.1
2025-07-23 23:54:41,955 [WARN] PackLoader:240 - Cannot read IP mode file for STMicroelectronics.X-CUBE-FREERTOS.1.3.0
2025-07-23 23:54:41,967 [WARN] PackLoader:240 - Cannot read IP mode file for STMicroelectronics.X-CUBE-NFC7.1.0.1
2025-07-23 23:54:41,978 [WARN] PackLoader:240 - Cannot read IP mode file for STMicroelectronics.FP-SNS-STAIOTCFT.1.0.0
2025-07-23 23:54:41,988 [WARN] PackLoader:240 - Cannot read IP mode file for STMicroelectronics.X-CUBE-DPower.1.3.0
2025-07-23 23:54:42,007 [WARN] ConditionMgr:438 - getConditionDescription Invalid condition id : LAN8742 Phy interface Condition cause : null
2025-07-23 23:54:42,007 [WARN] PackLoader:240 - Cannot read IP mode file for STMicroelectronics.X-CUBE-AZRTOS-L4.2.0.0
2025-07-23 23:54:42,007 [WARN] ConditionMgr:1044 - genDependencies : Invalid condition id : LAN8742 Phy interface Condition cause : null
2025-07-23 23:54:42,008 [WARN] ConditionMgr:1044 - genDependencies : Invalid condition id : LAN8742 Phy interface Condition cause : null
2025-07-23 23:54:42,008 [WARN] ConditionMgr:1044 - genDependencies : Invalid condition id : LAN8742 Phy interface Condition cause : null
2025-07-23 23:54:42,023 [WARN] PackLoader:240 - Cannot read IP mode file for STMicroelectronics.X-CUBE-SFXS2LP1.4.0.0
2025-07-23 23:54:42,043 [WARN] PackLoader:240 - Cannot read IP mode file for STMicroelectronics.X-CUBE-AZRTOS-H7.3.3.0
2025-07-23 23:54:42,057 [WARN] PackLoader:240 - Cannot read IP mode file for STMicroelectronics.X-CUBE-BLEMGR.4.1.0
2025-07-23 23:54:42,083 [WARN] ConditionMgr:438 - getConditionDescription Invalid condition id : UX DEVICE CLASS RTOS Condition cause : null
2025-07-23 23:54:42,084 [WARN] ConditionMgr:438 - getConditionDescription Invalid condition id : UX DEVICE CLASS RTOS Condition cause : null
2025-07-23 23:54:42,086 [WARN] PackLoader:240 - Cannot read IP mode file for STMicroelectronics.X-CUBE-AZRTOS-WB.2.0.0
2025-07-23 23:54:42,086 [WARN] ConditionMgr:1044 - genDependencies : Invalid condition id : UX DEVICE CLASS RTOS Condition cause : null
2025-07-23 23:54:42,086 [WARN] ConditionMgr:1044 - genDependencies : Invalid condition id : UX DEVICE CLASS RTOS Condition cause : null
2025-07-23 23:54:42,086 [WARN] ConditionMgr:1044 - genDependencies : Invalid condition id : UX DEVICE CLASS RTOS Condition cause : null
2025-07-23 23:54:42,086 [WARN] ConditionMgr:1044 - genDependencies : Invalid condition id : UX DEVICE CLASS RTOS Condition cause : null
2025-07-23 23:54:42,086 [WARN] ConditionMgr:1044 - genDependencies : Invalid condition id : UX DEVICE CLASS RTOS Condition cause : null
2025-07-23 23:54:42,117 [WARN] PackLoader:240 - Cannot read IP mode file for STMicroelectronics.X-CUBE-GNSS1.7.0.1
2025-07-23 23:54:42,132 [WARN] PackLoader:240 - Cannot read IP mode file for STMicroelectronics.FP-SNS-STBOX1.2.0.0
2025-07-23 23:54:42,147 [WARN] PackLoader:240 - Cannot read IP mode file for STMicroelectronics.X-CUBE-SUBG2.5.0.0
2025-07-23 23:54:42,169 [WARN] PackLoader:240 - Cannot read IP mode file for STMicroelectronics.X-CUBE-AZRTOS-H7RS.1.1.0
2025-07-23 23:54:42,181 [WARN] PackLoader:240 - Cannot read IP mode file for Cesanta.I-CUBE-Mongoose.7.13.0
2025-07-23 23:54:42,197 [WARN] PackLoader:240 - Cannot read IP mode file for STMicroelectronics.X-CUBE-AZRTOS-G4.2.0.0
2025-07-23 23:54:42,208 [WARN] PackLoader:240 - Cannot read IP mode file for STMicroelectronics.X-CUBE-NFC7.2.0.0
2025-07-23 23:54:42,221 [WARN] PackLoader:240 - Cannot read IP mode file for STMicroelectronics.X-CUBE-IPS.3.1.0
2025-07-23 23:54:42,232 [WARN] PackLoader:240 - Cannot read IP mode file for STMicroelectronics.X-CUBE-ALS.1.0.2
2025-07-23 23:54:42,244 [WARN] PackLoader:240 - Cannot read IP mode file for portGmbH.I-Cube-SoM-uGOAL.1.1.0
2025-07-23 23:54:42,259 [WARN] PackLoader:240 - Cannot read IP mode file for STMicroelectronics.X-CUBE-AZRTOS-H7RS.1.0.0
2025-07-23 23:54:42,277 [WARN] PackLoader:240 - Cannot read IP mode file for STMicroelectronics.X-CUBE-TOF1.3.4.2
2025-07-23 23:54:42,294 [WARN] PackLoader:240 - Cannot read IP mode file for STMicroelectronics.X-CUBE-TOF1.3.4.3
2025-07-23 23:54:42,298 [INFO] ThirdParty:978 - Integrity check success = true
2025-07-23 23:54:42,298 [INFO] IntegrityCheckThread:100 - exiting critical section [integrity check]
2025-07-23 23:54:42,298 [INFO] IntegrityCheckThread:103 - End integrity checks thread
